<?xml version="1.0" encoding="UTF-8"?>
<testsuite name="CinemaTests" tests="1" skipped="0" failures="1" errors="0" timestamp="2023-05-04T14:26:39" hostname="DESKTOP-OGGJ8AB" time="3.926">
  <properties/>
  <testcase name="start" classname="CinemaTests" time="3.926">
    <failure message="java.lang.AssertionError: Wrong answer in test #6&#10;&#10;POST /return should respond with status code 200, responded: 400&#10;&#10;Response body:&#10;&#10;{&quot;returned_ticket&quot;:{&quot;row&quot;:2,&quot;column&quot;:5,&quot;price&quot;:10}}" type="java.lang.AssertionError">java.lang.AssertionError: Wrong answer in test #6

POST /return should respond with status code 200, responded: 400

Response body:

{&quot;returned_ticket&quot;:{&quot;row&quot;:2,&quot;column&quot;:5,&quot;price&quot;:10}}
	at org.junit.Assert.fail(Assert.java:89)
	at org.hyperskill.hstest.stage.StageTest.start(StageTest.java:203)
	at java.base/jdk.internal.reflect.NativeMethodAccessorImpl.invoke0(Native Method)
	at java.base/jdk.internal.reflect.NativeMethodAccessorImpl.invoke(NativeMethodAccessorImpl.java:77)
	at java.base/jdk.internal.reflect.DelegatingMethodAccessorImpl.invoke(DelegatingMethodAccessorImpl.java:43)
	at java.base/java.lang.reflect.Method.invoke(Method.java:568)
	at org.junit.runners.model.FrameworkMethod$1.runReflectiveCall(FrameworkMethod.java:59)
	at org.junit.internal.runners.model.ReflectiveCallable.run(ReflectiveCallable.java:12)
	at org.junit.runners.model.FrameworkMethod.invokeExplosively(FrameworkMethod.java:56)
	at org.junit.internal.runners.statements.InvokeMethod.evaluate(InvokeMethod.java:17)
	at org.junit.internal.runners.statements.RunAfters.evaluate(RunAfters.java:27)
	at org.junit.runners.ParentRunner$3.evaluate(ParentRunner.java:306)
	at org.junit.runners.BlockJUnit4ClassRunner$1.evaluate(BlockJUnit4ClassRunner.java:100)
	at org.junit.runners.ParentRunner.runLeaf(ParentRunner.java:366)
	at org.junit.runners.BlockJUnit4ClassRunner.runChild(BlockJUnit4ClassRunner.java:103)
	at org.junit.runners.BlockJUnit4ClassRunner.runChild(BlockJUnit4ClassRunner.java:63)
	at org.junit.runners.ParentRunner$4.run(ParentRunner.java:331)
	at org.junit.runners.ParentRunner$1.schedule(ParentRunner.java:79)
	at org.junit.runners.ParentRunner.runChildren(ParentRunner.java:329)
	at org.junit.runners.ParentRunner.access$100(ParentRunner.java:66)
	at org.junit.runners.ParentRunner$2.evaluate(ParentRunner.java:293)
	at org.junit.runners.ParentRunner$3.evaluate(ParentRunner.java:306)
	at org.junit.runners.ParentRunner.run(ParentRunner.java:413)
	at org.gradle.api.internal.tasks.testing.junit.JUnitTestClassExecutor.runTestClass(JUnitTestClassExecutor.java:108)
	at org.gradle.api.internal.tasks.testing.junit.JUnitTestClassExecutor.execute(JUnitTestClassExecutor.java:57)
	at org.gradle.api.internal.tasks.testing.junit.JUnitTestClassExecutor.execute(JUnitTestClassExecutor.java:39)
	at org.gradle.api.internal.tasks.testing.junit.AbstractJUnitTestClassProcessor.processTestClass(AbstractJUnitTestClassProcessor.java:62)
	at org.gradle.api.internal.tasks.testing.SuiteTestClassProcessor.processTestClass(SuiteTestClassProcessor.java:52)
	at java.base/jdk.internal.reflect.NativeMethodAccessorImpl.invoke0(Native Method)
	at java.base/jdk.internal.reflect.NativeMethodAccessorImpl.invoke(NativeMethodAccessorImpl.java:77)
	at java.base/jdk.internal.reflect.DelegatingMethodAccessorImpl.invoke(DelegatingMethodAccessorImpl.java:43)
	at java.base/java.lang.reflect.Method.invoke(Method.java:568)
	at org.gradle.internal.dispatch.ReflectionDispatch.dispatch(ReflectionDispatch.java:36)
	at org.gradle.internal.dispatch.ReflectionDispatch.dispatch(ReflectionDispatch.java:24)
	at org.gradle.internal.dispatch.ContextClassLoaderDispatch.dispatch(ContextClassLoaderDispatch.java:33)
	at org.gradle.internal.dispatch.ProxyDispatchAdapter$DispatchingInvocationHandler.invoke(ProxyDispatchAdapter.java:94)
	at jdk.proxy1/jdk.proxy1.$Proxy2.processTestClass(Unknown Source)
	at org.gradle.api.internal.tasks.testing.worker.TestWorker$2.run(TestWorker.java:176)
	at org.gradle.api.internal.tasks.testing.worker.TestWorker.executeAndMaintainThreadName(TestWorker.java:129)
	at org.gradle.api.internal.tasks.testing.worker.TestWorker.execute(TestWorker.java:100)
	at org.gradle.api.internal.tasks.testing.worker.TestWorker.execute(TestWorker.java:60)
	at org.gradle.process.internal.worker.child.ActionExecutionWorker.execute(ActionExecutionWorker.java:56)
	at org.gradle.process.internal.worker.child.SystemApplicationClassLoaderWorker.call(SystemApplicationClassLoaderWorker.java:113)
	at org.gradle.process.internal.worker.child.SystemApplicationClassLoaderWorker.call(SystemApplicationClassLoaderWorker.java:65)
	at worker.org.gradle.process.internal.worker.GradleWorkerMain.run(GradleWorkerMain.java:69)
	at worker.org.gradle.process.internal.worker.GradleWorkerMain.main(GradleWorkerMain.java:74)
</failure>
  </testcase>
  <system-out><![CDATA[?[1;31m
Start test 1?[0m
?[0;34m
?[0m?[0;34m  .   ____          _            __ _ _
?[0m?[0;34m /\\ / ___'_ __ _ _(_)_ __  __ _ \ \ \ \
?[0m?[0;34m( ( )\___ | '_ | '_| | '_ \/ _` | \ \ \ \
?[0m?[0;34m \\/  ___)| |_)| | | | | || (_| |  ) ) ) )
?[0m?[0;34m  '  |____| .__|_| |_|_| |_\__, | / / / /
?[0m?[0;34m =========|_|==============|___/=/_/_/_/
?[0m?[0;34m :: Spring Boot ::                (v3.0.2)
?[0m?[0;34m
?[0m?[0;34m2023-05-04T16:26:40.091+02:00  INFO 14120 --- [    Test worker] cinema.Main                              : Starting Main using Java 17.0.6 with PID 14120 (started by IceMajor in C:\Users\IceMajor\Documents\Programowanie\JetBrains_course\Cinema Room REST Service\Cinema Room REST Service (Java)\task)
?[0m?[0;34m2023-05-04T16:26:40.096+02:00  INFO 14120 --- [    Test worker] cinema.Main                              : No active profile set, falling back to 1 default profile: "default"
?[0m?[0;34m2023-05-04T16:26:41.524+02:00  INFO 14120 --- [    Test worker] o.s.b.w.embedded.tomcat.TomcatWebServer  : Tomcat initialized with port(s): 28852 (http)
?[0m?[0;34m2023-05-04T16:26:41.538+02:00  INFO 14120 --- [    Test worker] o.apache.catalina.core.StandardService   : Starting service [Tomcat]
?[0m?[0;34m2023-05-04T16:26:41.538+02:00  INFO 14120 --- [    Test worker] o.apache.catalina.core.StandardEngine    : Starting Servlet engine: [Apache Tomcat/10.1.5]
?[0m?[0;34m2023-05-04T16:26:41.631+02:00  INFO 14120 --- [    Test worker] o.a.c.c.C.[Tomcat].[localhost].[/]       : Initializing Spring embedded WebApplicationContext
?[0m?[0;34m2023-05-04T16:26:41.633+02:00  INFO 14120 --- [    Test worker] w.s.c.ServletWebServerApplicationContext : Root WebApplicationContext: initialization completed in 1469 ms
?[0m?[0;34m2023-05-04T16:26:41.829+02:00  WARN 14120 --- [    Test worker] .t.u.s.PrivilegedSetAccessControlContext : Unable to set field Thread.inheritedAccessControlContext
?[0m?[0;34m
?[0m?[0;34mjava.lang.IllegalAccessException: class org.apache.tomcat.util.security.PrivilegedSetAccessControlContext cannot access a member of class java.lang.Thread (in module java.base) with modifiers "private"
?[0m?[0;34m	at java.base/jdk.internal.reflect.Reflection.newIllegalAccessException(Reflection.java:392) ~[na:na]
?[0m?[0;34m	at java.base/java.lang.reflect.AccessibleObject.checkAccess(AccessibleObject.java:674) ~[na:na]
?[0m?[0;34m	at java.base/java.lang.reflect.Field.checkAccess(Field.java:1102) ~[na:na]
?[0m?[0;34m	at java.base/java.lang.reflect.Field.set(Field.java:797) ~[na:na]
?[0m?[0;34m	at org.apache.tomcat.util.security.PrivilegedSetAccessControlContext.run(PrivilegedSetAccessControlContext.java:60) ~[tomcat-embed-core-10.1.5.jar:10.1.5]
?[0m?[0;34m	at org.apache.tomcat.util.security.PrivilegedSetAccessControlContext.run(PrivilegedSetAccessControlContext.java:28) ~[tomcat-embed-core-10.1.5.jar:10.1.5]
?[0m?[0;34m	at java.base/java.security.AccessController.doPrivileged(AccessController.java:318) ~[na:na]
?[0m?[0;34m	at org.apache.tomcat.util.threads.TaskThreadFactory.newThread(TaskThreadFactory.java:64) ~[tomcat-embed-core-10.1.5.jar:10.1.5]
?[0m?[0;34m	at java.base/java.util.concurrent.ThreadPoolExecutor$Worker.<init>(ThreadPoolExecutor.java:630) ~[na:na]
?[0m?[0;34m	at java.base/java.util.concurrent.ThreadPoolExecutor.addWorker(ThreadPoolExecutor.java:920) ~[na:na]
?[0m?[0;34m	at java.base/java.util.concurrent.ThreadPoolExecutor.ensurePrestart(ThreadPoolExecutor.java:1593) ~[na:na]
?[0m?[0;34m	at java.base/java.util.concurrent.ScheduledThreadPoolExecutor.delayedExecute(ScheduledThreadPoolExecutor.java:346) ~[na:na]
?[0m?[0;34m	at java.base/java.util.concurrent.ScheduledThreadPoolExecutor.scheduleWithFixedDelay(ScheduledThreadPoolExecutor.java:680) ~[na:na]
?[0m?[0;34m	at org.apache.tomcat.util.threads.ScheduledThreadPoolExecutor.scheduleWithFixedDelay(ScheduledThreadPoolExecutor.java:138) ~[tomcat-embed-core-10.1.5.jar:10.1.5]
?[0m?[0;34m	at org.apache.catalina.core.ContainerBase.startInternal(ContainerBase.java:948) ~[tomcat-embed-core-10.1.5.jar:10.1.5]
?[0m?[0;34m	at org.apache.catalina.core.StandardEngine.startInternal(StandardEngine.java:252) ~[tomcat-embed-core-10.1.5.jar:10.1.5]
?[0m?[0;34m	at org.apache.catalina.util.LifecycleBase.start(LifecycleBase.java:183) ~[tomcat-embed-core-10.1.5.jar:10.1.5]
?[0m?[0;34m	at org.apache.catalina.core.StandardService.startInternal(StandardService.java:430) ~[tomcat-embed-core-10.1.5.jar:10.1.5]
?[0m?[0;34m	at org.apache.catalina.util.LifecycleBase.start(LifecycleBase.java:183) ~[tomcat-embed-core-10.1.5.jar:10.1.5]
?[0m?[0;34m	at org.apache.catalina.core.StandardServer.startInternal(StandardServer.java:926) ~[tomcat-embed-core-10.1.5.jar:10.1.5]
?[0m?[0;34m	at org.apache.catalina.util.LifecycleBase.start(LifecycleBase.java:183) ~[tomcat-embed-core-10.1.5.jar:10.1.5]
?[0m?[0;34m	at org.apache.catalina.startup.Tomcat.start(Tomcat.java:485) ~[tomcat-embed-core-10.1.5.jar:10.1.5]
?[0m?[0;34m	at org.springframework.boot.web.embedded.tomcat.TomcatWebServer.initialize(TomcatWebServer.java:123) ~[spring-boot-3.0.2.jar:3.0.2]
?[0m?[0;34m	at org.springframework.boot.web.embedded.tomcat.TomcatWebServer.<init>(TomcatWebServer.java:104) ~[spring-boot-3.0.2.jar:3.0.2]
?[0m?[0;34m	at org.springframework.boot.web.embedded.tomcat.TomcatServletWebServerFactory.getTomcatWebServer(TomcatServletWebServerFactory.java:486) ~[spring-boot-3.0.2.jar:3.0.2]
?[0m?[0;34m	at org.springframework.boot.web.embedded.tomcat.TomcatServletWebServerFactory.getWebServer(TomcatServletWebServerFactory.java:210) ~[spring-boot-3.0.2.jar:3.0.2]
?[0m?[0;34m	at org.springframework.boot.web.servlet.context.ServletWebServerApplicationContext.createWebServer(ServletWebServerApplicationContext.java:183) ~[spring-boot-3.0.2.jar:3.0.2]
?[0m?[0;34m	at org.springframework.boot.web.servlet.context.ServletWebServerApplicationContext.onRefresh(ServletWebServerApplicationContext.java:161) ~[spring-boot-3.0.2.jar:3.0.2]
?[0m?[0;34m	at org.springframework.context.support.AbstractApplicationContext.refresh(AbstractApplicationContext.java:578) ~[spring-context-6.0.4.jar:6.0.4]
?[0m?[0;34m	at org.springframework.boot.web.servlet.context.ServletWebServerApplicationContext.refresh(ServletWebServerApplicationContext.java:146) ~[spring-boot-3.0.2.jar:3.0.2]
?[0m?[0;34m	at org.springframework.boot.SpringApplication.refresh(SpringApplication.java:730) ~[spring-boot-3.0.2.jar:3.0.2]
?[0m?[0;34m	at org.springframework.boot.SpringApplication.refreshContext(SpringApplication.java:432) ~[spring-boot-3.0.2.jar:3.0.2]
?[0m?[0;34m	at org.springframework.boot.SpringApplication.run(SpringApplication.java:308) ~[spring-boot-3.0.2.jar:3.0.2]
?[0m?[0;34m	at org.springframework.boot.SpringApplication.run(SpringApplication.java:1302) ~[spring-boot-3.0.2.jar:3.0.2]
?[0m?[0;34m	at org.springframework.boot.SpringApplication.run(SpringApplication.java:1291) ~[spring-boot-3.0.2.jar:3.0.2]
?[0m?[0;34m	at cinema.Main.main(Main.java:9) ~[main/:na]
?[0m?[0;34m	at java.base/jdk.internal.reflect.NativeMethodAccessorImpl.invoke0(Native Method) ~[na:na]
?[0m?[0;34m	at java.base/jdk.internal.reflect.NativeMethodAccessorImpl.invoke(NativeMethodAccessorImpl.java:77) ~[na:na]
?[0m?[0;34m	at java.base/jdk.internal.reflect.DelegatingMethodAccessorImpl.invoke(DelegatingMethodAccessorImpl.java:43) ~[na:na]
?[0m?[0;34m	at java.base/java.lang.reflect.Method.invoke(Method.java:568) ~[na:na]
?[0m?[0;34m	at org.hyperskill.hstest.stage.SpringTest.startSpring(SpringTest.java:187) ~[hs-test-release-SNAPSHOT.jar:na]
?[0m?[0;34m	at org.hyperskill.hstest.stage.SpringTest.launchSpring(SpringTest.java:49) ~[hs-test-release-SNAPSHOT.jar:na]
?[0m?[0;34m	at org.hyperskill.hstest.testing.runner.SpringApplicationRunner.launchSpringBootApplication(SpringApplicationRunner.java:20) ~[hs-test-release-SNAPSHOT.jar:na]
?[0m?[0;34m	at org.hyperskill.hstest.testing.runner.SpringApplicationRunner.setUp(SpringApplicationRunner.java:35) ~[hs-test-release-SNAPSHOT.jar:na]
?[0m?[0;34m	at org.hyperskill.hstest.testing.TestRun.setUp(TestRun.java:77) ~[hs-test-release-SNAPSHOT.jar:na]
?[0m?[0;34m	at org.hyperskill.hstest.stage.StageTest.start(StageTest.java:159) ~[hs-test-release-SNAPSHOT.jar:na]
?[0m?[0;34m	at java.base/jdk.internal.reflect.NativeMethodAccessorImpl.invoke0(Native Method) ~[na:na]
?[0m?[0;34m	at java.base/jdk.internal.reflect.NativeMethodAccessorImpl.invoke(NativeMethodAccessorImpl.java:77) ~[na:na]
?[0m?[0;34m	at java.base/jdk.internal.reflect.DelegatingMethodAccessorImpl.invoke(DelegatingMethodAccessorImpl.java:43) ~[na:na]
?[0m?[0;34m	at java.base/java.lang.reflect.Method.invoke(Method.java:568) ~[na:na]
?[0m?[0;34m	at org.junit.runners.model.FrameworkMethod$1.runReflectiveCall(FrameworkMethod.java:59) ~[junit-4.13.2.jar:4.13.2]
?[0m?[0;34m	at org.junit.internal.runners.model.ReflectiveCallable.run(ReflectiveCallable.java:12) ~[junit-4.13.2.jar:4.13.2]
?[0m?[0;34m	at org.junit.runners.model.FrameworkMethod.invokeExplosively(FrameworkMethod.java:56) ~[junit-4.13.2.jar:4.13.2]
?[0m?[0;34m	at org.junit.internal.runners.statements.InvokeMethod.evaluate(InvokeMethod.java:17) ~[junit-4.13.2.jar:4.13.2]
?[0m?[0;34m	at org.junit.internal.runners.statements.RunAfters.evaluate(RunAfters.java:27) ~[junit-4.13.2.jar:4.13.2]
?[0m?[0;34m	at org.junit.runners.ParentRunner$3.evaluate(ParentRunner.java:306) ~[junit-4.13.2.jar:4.13.2]
?[0m?[0;34m	at org.junit.runners.BlockJUnit4ClassRunner$1.evaluate(BlockJUnit4ClassRunner.java:100) ~[junit-4.13.2.jar:4.13.2]
?[0m?[0;34m	at org.junit.runners.ParentRunner.runLeaf(ParentRunner.java:366) ~[junit-4.13.2.jar:4.13.2]
?[0m?[0;34m	at org.junit.runners.BlockJUnit4ClassRunner.runChild(BlockJUnit4ClassRunner.java:103) ~[junit-4.13.2.jar:4.13.2]
?[0m?[0;34m	at org.junit.runners.BlockJUnit4ClassRunner.runChild(BlockJUnit4ClassRunner.java:63) ~[junit-4.13.2.jar:4.13.2]
?[0m?[0;34m	at org.junit.runners.ParentRunner$4.run(ParentRunner.java:331) ~[junit-4.13.2.jar:4.13.2]
?[0m?[0;34m	at org.junit.runners.ParentRunner$1.schedule(ParentRunner.java:79) ~[junit-4.13.2.jar:4.13.2]
?[0m?[0;34m	at org.junit.runners.ParentRunner.runChildren(ParentRunner.java:329) ~[junit-4.13.2.jar:4.13.2]
?[0m?[0;34m	at org.junit.runners.ParentRunner.access$100(ParentRunner.java:66) ~[junit-4.13.2.jar:4.13.2]
?[0m?[0;34m	at org.junit.runners.ParentRunner$2.evaluate(ParentRunner.java:293) ~[junit-4.13.2.jar:4.13.2]
?[0m?[0;34m	at org.junit.runners.ParentRunner$3.evaluate(ParentRunner.java:306) ~[junit-4.13.2.jar:4.13.2]
?[0m?[0;34m	at org.junit.runners.ParentRunner.run(ParentRunner.java:413) ~[junit-4.13.2.jar:4.13.2]
?[0m?[0;34m	at org.gradle.api.internal.tasks.testing.junit.JUnitTestClassExecutor.runTestClass(JUnitTestClassExecutor.java:108) ~[na:na]
?[0m?[0;34m	at org.gradle.api.internal.tasks.testing.junit.JUnitTestClassExecutor.execute(JUnitTestClassExecutor.java:57) ~[na:na]
?[0m?[0;34m	at org.gradle.api.internal.tasks.testing.junit.JUnitTestClassExecutor.execute(JUnitTestClassExecutor.java:39) ~[na:na]
?[0m?[0;34m	at org.gradle.api.internal.tasks.testing.junit.AbstractJUnitTestClassProcessor.processTestClass(AbstractJUnitTestClassProcessor.java:62) ~[na:na]
?[0m?[0;34m	at org.gradle.api.internal.tasks.testing.SuiteTestClassProcessor.processTestClass(SuiteTestClassProcessor.java:52) ~[na:na]
?[0m?[0;34m	at java.base/jdk.internal.reflect.NativeMethodAccessorImpl.invoke0(Native Method) ~[na:na]
?[0m?[0;34m	at java.base/jdk.internal.reflect.NativeMethodAccessorImpl.invoke(NativeMethodAccessorImpl.java:77) ~[na:na]
?[0m?[0;34m	at java.base/jdk.internal.reflect.DelegatingMethodAccessorImpl.invoke(DelegatingMethodAccessorImpl.java:43) ~[na:na]
?[0m?[0;34m	at java.base/java.lang.reflect.Method.invoke(Method.java:568) ~[na:na]
?[0m?[0;34m	at org.gradle.internal.dispatch.ReflectionDispatch.dispatch(ReflectionDispatch.java:36) ~[na:na]
?[0m?[0;34m	at org.gradle.internal.dispatch.ReflectionDispatch.dispatch(ReflectionDispatch.java:24) ~[na:na]
?[0m?[0;34m	at org.gradle.internal.dispatch.ContextClassLoaderDispatch.dispatch(ContextClassLoaderDispatch.java:33) ~[na:na]
?[0m?[0;34m	at org.gradle.internal.dispatch.ProxyDispatchAdapter$DispatchingInvocationHandler.invoke(ProxyDispatchAdapter.java:94) ~[na:na]
?[0m?[0;34m	at jdk.proxy1/jdk.proxy1.$Proxy2.processTestClass(Unknown Source) ~[na:na]
?[0m?[0;34m	at org.gradle.api.internal.tasks.testing.worker.TestWorker$2.run(TestWorker.java:176) ~[na:na]
?[0m?[0;34m	at org.gradle.api.internal.tasks.testing.worker.TestWorker.executeAndMaintainThreadName(TestWorker.java:129) ~[na:na]
?[0m?[0;34m	at org.gradle.api.internal.tasks.testing.worker.TestWorker.execute(TestWorker.java:100) ~[na:na]
?[0m?[0;34m	at org.gradle.api.internal.tasks.testing.worker.TestWorker.execute(TestWorker.java:60) ~[na:na]
?[0m?[0;34m	at org.gradle.process.internal.worker.child.ActionExecutionWorker.execute(ActionExecutionWorker.java:56) ~[na:na]
?[0m?[0;34m	at org.gradle.process.internal.worker.child.SystemApplicationClassLoaderWorker.call(SystemApplicationClassLoaderWorker.java:113) ~[na:na]
?[0m?[0;34m	at org.gradle.process.internal.worker.child.SystemApplicationClassLoaderWorker.call(SystemApplicationClassLoaderWorker.java:65) ~[na:na]
?[0m?[0;34m	at worker.org.gradle.process.internal.worker.GradleWorkerMain.run(GradleWorkerMain.java:69) ~[gradle-worker.jar:na]
?[0m?[0;34m	at worker.org.gradle.process.internal.worker.GradleWorkerMain.main(GradleWorkerMain.java:74) ~[gradle-worker.jar:na]
?[0m?[0;34m
?[0;34m2023-05-04T16:26:41.849+02:00  WARN 14120 --- [alina-utility-1] .t.u.s.PrivilegedSetAccessControlContext : Unable to set field Thread.inheritedAccessControlContext
?[0m?[0;34m
?[0m?[0;34mjava.lang.IllegalAccessException: class org.apache.tomcat.util.security.PrivilegedSetAccessControlContext cannot access a member of class java.lang.Thread (in module java.base) with modifiers "private"
?[0m?[0;34m	at java.base/jdk.internal.reflect.Reflection.newIllegalAccessException(Reflection.java:392) ~[na:na]
?[0m?[0;34m	at java.base/java.lang.reflect.AccessibleObject.checkAccess(AccessibleObject.java:674) ~[na:na]
?[0m?[0;34m	at java.base/java.lang.reflect.Field.checkAccess(Field.java:1102) ~[na:na]
?[0m?[0;34m	at java.base/java.lang.reflect.Field.set(Field.java:797) ~[na:na]
?[0m?[0;34m	at org.apache.tomcat.util.security.PrivilegedSetAccessControlContext.run(PrivilegedSetAccessControlContext.java:60) ~[tomcat-embed-core-10.1.5.jar:10.1.5]
?[0m?[0;34m	at org.apache.tomcat.util.security.PrivilegedSetAccessControlContext.run(PrivilegedSetAccessControlContext.java:28) ~[tomcat-embed-core-10.1.5.jar:10.1.5]
?[0m?[0;34m	at java.base/java.security.AccessController.doPrivileged(AccessController.java:318) ~[na:na]
?[0m?[0;34m	at org.apache.tomcat.util.threads.TaskThreadFactory.newThread(TaskThreadFactory.java:64) ~[tomcat-embed-core-10.1.5.jar:10.1.5]
?[0m?[0;34m	at java.base/java.util.concurrent.ThreadPoolExecutor$Worker.<init>(ThreadPoolExecutor.java:630) ~[na:na]
?[0m?[0;34m	at java.base/java.util.concurrent.ThreadPoolExecutor.addWorker(ThreadPoolExecutor.java:920) ~[na:na]
?[0m?[0;34m	at java.base/java.util.concurrent.ThreadPoolExecutor.ensurePrestart(ThreadPoolExecutor.java:1593) ~[na:na]
?[0m?[0;34m	at java.base/java.util.concurrent.ScheduledThreadPoolExecutor.delayedExecute(ScheduledThreadPoolExecutor.java:346) ~[na:na]
?[0m?[0;34m	at java.base/java.util.concurrent.ScheduledThreadPoolExecutor.scheduleWithFixedDelay(ScheduledThreadPoolExecutor.java:680) ~[na:na]
?[0m?[0;34m	at org.apache.tomcat.util.threads.ScheduledThreadPoolExecutor.scheduleWithFixedDelay(ScheduledThreadPoolExecutor.java:138) ~[tomcat-embed-core-10.1.5.jar:10.1.5]
?[0m?[0;34m	at org.apache.catalina.core.ContainerBase.threadStart(ContainerBase.java:1291) ~[tomcat-embed-core-10.1.5.jar:10.1.5]
?[0m?[0;34m	at org.apache.catalina.core.ContainerBase$ContainerBackgroundProcessorMonitor.run(ContainerBase.java:1331) ~[tomcat-embed-core-10.1.5.jar:10.1.5]
?[0m?[0;34m	at java.base/java.util.concurrent.Executors$RunnableAdapter.call(Executors.java:539) ~[na:na]
?[0m?[0;34m	at java.base/java.util.concurrent.FutureTask.runAndReset(FutureTask.java:305) ~[na:na]
?[0m?[0;34m	at java.base/java.util.concurrent.ScheduledThreadPoolExecutor$ScheduledFutureTask.run(ScheduledThreadPoolExecutor.java:305) ~[na:na]
?[0m?[0;34m	at java.base/java.util.concurrent.ThreadPoolExecutor.runWorker(ThreadPoolExecutor.java:1136) ~[na:na]
?[0m?[0;34m	at java.base/java.util.concurrent.ThreadPoolExecutor$Worker.run(ThreadPoolExecutor.java:635) ~[na:na]
?[0m?[0;34m	at org.apache.tomcat.util.threads.TaskThread$WrappingRunnable.run(TaskThread.java:61) ~[tomcat-embed-core-10.1.5.jar:10.1.5]
?[0m?[0;34m	at java.base/java.lang.Thread.run(Thread.java:833) ~[na:na]
?[0m?[0;34m
?[0m?[0;34m2023-05-04T16:26:42.412+02:00  INFO 14120 --- [    Test worker] o.s.b.a.e.web.EndpointLinksResolver      : Exposing 14 endpoint(s) beneath base path '/actuator'
?[0m?[0;34m2023-05-04T16:26:42.465+02:00  WARN 14120 --- [    Test worker] .t.u.s.PrivilegedSetAccessControlContext : Unable to set field Thread.inheritedAccessControlContext
?[0m?[0;34m
?[0m?[0;34mjava.lang.IllegalAccessException: class org.apache.tomcat.util.security.PrivilegedSetAccessControlContext cannot access a member of class java.lang.Thread (in module java.base) with modifiers "private"
?[0m?[0;34m	at java.base/jdk.internal.reflect.Reflection.newIllegalAccessException(Reflection.java:392) ~[na:na]
?[0m?[0;34m	at java.base/java.lang.reflect.AccessibleObject.checkAccess(AccessibleObject.java:674) ~[na:na]
?[0m?[0;34m	at java.base/java.lang.reflect.Field.checkAccess(Field.java:1102) ~[na:na]
?[0m?[0;34m	at java.base/java.lang.reflect.Field.set(Field.java:797) ~[na:na]
?[0m?[0;34m	at org.apache.tomcat.util.security.PrivilegedSetAccessControlContext.run(PrivilegedSetAccessControlContext.java:60) ~[tomcat-embed-core-10.1.5.jar:10.1.5]
?[0m?[0;34m	at org.apache.tomcat.util.security.PrivilegedSetAccessControlContext.run(PrivilegedSetAccessControlContext.java:28) ~[tomcat-embed-core-10.1.5.jar:10.1.5]
?[0m?[0;34m	at java.base/java.security.AccessController.doPrivileged(AccessController.java:318) ~[na:na]
?[0m?[0;34m	at org.apache.tomcat.util.threads.TaskThreadFactory.newThread(TaskThreadFactory.java:64) ~[tomcat-embed-core-10.1.5.jar:10.1.5]
?[0m?[0;34m	at org.apache.tomcat.util.threads.ThreadPoolExecutor$Worker.<init>(ThreadPoolExecutor.java:653) ~[tomcat-embed-core-10.1.5.jar:10.1.5]
?[0m?[0;34m	at org.apache.tomcat.util.threads.ThreadPoolExecutor.addWorker(ThreadPoolExecutor.java:957) ~[tomcat-embed-core-10.1.5.jar:10.1.5]
?[0m?[0;34m	at org.apache.tomcat.util.threads.ThreadPoolExecutor.prestartAllCoreThreads(ThreadPoolExecutor.java:1694) ~[tomcat-embed-core-10.1.5.jar:10.1.5]
?[0m?[0;34m	at org.apache.tomcat.util.threads.ThreadPoolExecutor.<init>(ThreadPoolExecutor.java:1370) ~[tomcat-embed-core-10.1.5.jar:10.1.5]
?[0m?[0;34m	at org.apache.tomcat.util.threads.ThreadPoolExecutor.<init>(ThreadPoolExecutor.java:1280) ~[tomcat-embed-core-10.1.5.jar:10.1.5]
?[0m?[0;34m	at org.apache.tomcat.util.net.AbstractEndpoint.createExecutor(AbstractEndpoint.java:948) ~[tomcat-embed-core-10.1.5.jar:10.1.5]
?[0m?[0;34m	at org.apache.tomcat.util.net.NioEndpoint.startInternal(NioEndpoint.java:279) ~[tomcat-embed-core-10.1.5.jar:10.1.5]
?[0m?[0;34m	at org.apache.tomcat.util.net.AbstractEndpoint.start(AbstractEndpoint.java:1261) ~[tomcat-embed-core-10.1.5.jar:10.1.5]
?[0m?[0;34m	at org.apache.coyote.AbstractProtocol.start(AbstractProtocol.java:586) ~[tomcat-embed-core-10.1.5.jar:10.1.5]
?[0m?[0;34m	at org.apache.catalina.connector.Connector.startInternal(Connector.java:1081) ~[tomcat-embed-core-10.1.5.jar:10.1.5]
?[0m?[0;34m	at org.apache.catalina.util.LifecycleBase.start(LifecycleBase.java:183) ~[tomcat-embed-core-10.1.5.jar:10.1.5]
?[0m?[0;34m	at org.apache.catalina.core.StandardService.addConnector(StandardService.java:234) ~[tomcat-embed-core-10.1.5.jar:10.1.5]
?[0m?[0;34m	at org.springframework.boot.web.embedded.tomcat.TomcatWebServer.addPreviouslyRemovedConnectors(TomcatWebServer.java:282) ~[spring-boot-3.0.2.jar:3.0.2]
?[0m?[0;34m	at org.springframework.boot.web.embedded.tomcat.TomcatWebServer.start(TomcatWebServer.java:213) ~[spring-boot-3.0.2.jar:3.0.2]
?[0m?[0;34m	at org.springframework.boot.web.servlet.context.WebServerStartStopLifecycle.start(WebServerStartStopLifecycle.java:44) ~[spring-boot-3.0.2.jar:3.0.2]
?[0m?[0;34m	at org.springframework.context.support.DefaultLifecycleProcessor.doStart(DefaultLifecycleProcessor.java:178) ~[spring-context-6.0.4.jar:6.0.4]
?[0m?[0;34m	at org.springframework.context.support.DefaultLifecycleProcessor$LifecycleGroup.start(DefaultLifecycleProcessor.java:356) ~[spring-context-6.0.4.jar:6.0.4]
?[0m?[0;34m	at java.base/java.lang.Iterable.forEach(Iterable.java:75) ~[na:na]
?[0m?[0;34m	at org.springframework.context.support.DefaultLifecycleProcessor.startBeans(DefaultLifecycleProcessor.java:155) ~[spring-context-6.0.4.jar:6.0.4]
?[0m?[0;34m	at org.springframework.context.support.DefaultLifecycleProcessor.onRefresh(DefaultLifecycleProcessor.java:123) ~[spring-context-6.0.4.jar:6.0.4]
?[0m?[0;34m	at org.springframework.context.support.AbstractApplicationContext.finishRefresh(AbstractApplicationContext.java:932) ~[spring-context-6.0.4.jar:6.0.4]
?[0m?[0;34m	at org.springframework.context.support.AbstractApplicationContext.refresh(AbstractApplicationContext.java:587) ~[spring-context-6.0.4.jar:6.0.4]
?[0m?[0;34m	at org.springframework.boot.web.servlet.context.ServletWebServerApplicationContext.refresh(ServletWebServerApplicationContext.java:146) ~[spring-boot-3.0.2.jar:3.0.2]
?[0m?[0;34m	at org.springframework.boot.SpringApplication.refresh(SpringApplication.java:730) ~[spring-boot-3.0.2.jar:3.0.2]
?[0m?[0;34m	at org.springframework.boot.SpringApplication.refreshContext(SpringApplication.java:432) ~[spring-boot-3.0.2.jar:3.0.2]
?[0m?[0;34m	at org.springframework.boot.SpringApplication.run(SpringApplication.java:308) ~[spring-boot-3.0.2.jar:3.0.2]
?[0m?[0;34m	at org.springframework.boot.SpringApplication.run(SpringApplication.java:1302) ~[spring-boot-3.0.2.jar:3.0.2]
?[0m?[0;34m	at org.springframework.boot.SpringApplication.run(SpringApplication.java:1291) ~[spring-boot-3.0.2.jar:3.0.2]
?[0m?[0;34m	at cinema.Main.main(Main.java:9) ~[main/:na]
?[0m?[0;34m	at java.base/jdk.internal.reflect.NativeMethodAccessorImpl.invoke0(Native Method) ~[na:na]
?[0m?[0;34m	at java.base/jdk.internal.reflect.NativeMethodAccessorImpl.invoke(NativeMethodAccessorImpl.java:77) ~[na:na]
?[0m?[0;34m	at java.base/jdk.internal.reflect.DelegatingMethodAccessorImpl.invoke(DelegatingMethodAccessorImpl.java:43) ~[na:na]
?[0m?[0;34m	at java.base/java.lang.reflect.Method.invoke(Method.java:568) ~[na:na]
?[0m?[0;34m	at org.hyperskill.hstest.stage.SpringTest.startSpring(SpringTest.java:187) ~[hs-test-release-SNAPSHOT.jar:na]
?[0m?[0;34m	at org.hyperskill.hstest.stage.SpringTest.launchSpring(SpringTest.java:49) ~[hs-test-release-SNAPSHOT.jar:na]
?[0m?[0;34m	at org.hyperskill.hstest.testing.runner.SpringApplicationRunner.launchSpringBootApplication(SpringApplicationRunner.java:20) ~[hs-test-release-SNAPSHOT.jar:na]
?[0m?[0;34m	at org.hyperskill.hstest.testing.runner.SpringApplicationRunner.setUp(SpringApplicationRunner.java:35) ~[hs-test-release-SNAPSHOT.jar:na]
?[0m?[0;34m	at org.hyperskill.hstest.testing.TestRun.setUp(TestRun.java:77) ~[hs-test-release-SNAPSHOT.jar:na]
?[0m?[0;34m	at org.hyperskill.hstest.stage.StageTest.start(StageTest.java:159) ~[hs-test-release-SNAPSHOT.jar:na]
?[0m?[0;34m	at java.base/jdk.internal.reflect.NativeMethodAccessorImpl.invoke0(Native Method) ~[na:na]
?[0m?[0;34m	at java.base/jdk.internal.reflect.NativeMethodAccessorImpl.invoke(NativeMethodAccessorImpl.java:77) ~[na:na]
?[0m?[0;34m	at java.base/jdk.internal.reflect.DelegatingMethodAccessorImpl.invoke(DelegatingMethodAccessorImpl.java:43) ~[na:na]
?[0m?[0;34m	at java.base/java.lang.reflect.Method.invoke(Method.java:568) ~[na:na]
?[0m?[0;34m	at org.junit.runners.model.FrameworkMethod$1.runReflectiveCall(FrameworkMethod.java:59) ~[junit-4.13.2.jar:4.13.2]
?[0m?[0;34m	at org.junit.internal.runners.model.ReflectiveCallable.run(ReflectiveCallable.java:12) ~[junit-4.13.2.jar:4.13.2]
?[0m?[0;34m	at org.junit.runners.model.FrameworkMethod.invokeExplosively(FrameworkMethod.java:56) ~[junit-4.13.2.jar:4.13.2]
?[0m?[0;34m	at org.junit.internal.runners.statements.InvokeMethod.evaluate(InvokeMethod.java:17) ~[junit-4.13.2.jar:4.13.2]
?[0m?[0;34m	at org.junit.internal.runners.statements.RunAfters.evaluate(RunAfters.java:27) ~[junit-4.13.2.jar:4.13.2]
?[0m?[0;34m	at org.junit.runners.ParentRunner$3.evaluate(ParentRunner.java:306) ~[junit-4.13.2.jar:4.13.2]
?[0m?[0;34m	at org.junit.runners.BlockJUnit4ClassRunner$1.evaluate(BlockJUnit4ClassRunner.java:100) ~[junit-4.13.2.jar:4.13.2]
?[0m?[0;34m	at org.junit.runners.ParentRunner.runLeaf(ParentRunner.java:366) ~[junit-4.13.2.jar:4.13.2]
?[0m?[0;34m	at org.junit.runners.BlockJUnit4ClassRunner.runChild(BlockJUnit4ClassRunner.java:103) ~[junit-4.13.2.jar:4.13.2]
?[0m?[0;34m	at org.junit.runners.BlockJUnit4ClassRunner.runChild(BlockJUnit4ClassRunner.java:63) ~[junit-4.13.2.jar:4.13.2]
?[0m?[0;34m	at org.junit.runners.ParentRunner$4.run(ParentRunner.java:331) ~[junit-4.13.2.jar:4.13.2]
?[0m?[0;34m	at org.junit.runners.ParentRunner$1.schedule(ParentRunner.java:79) ~[junit-4.13.2.jar:4.13.2]
?[0m?[0;34m	at org.junit.runners.ParentRunner.runChildren(ParentRunner.java:329) ~[junit-4.13.2.jar:4.13.2]
?[0m?[0;34m	at org.junit.runners.ParentRunner.access$100(ParentRunner.java:66) ~[junit-4.13.2.jar:4.13.2]
?[0m?[0;34m	at org.junit.runners.ParentRunner$2.evaluate(ParentRunner.java:293) ~[junit-4.13.2.jar:4.13.2]
?[0m?[0;34m	at org.junit.runners.ParentRunner$3.evaluate(ParentRunner.java:306) ~[junit-4.13.2.jar:4.13.2]
?[0m?[0;34m	at org.junit.runners.ParentRunner.run(ParentRunner.java:413) ~[junit-4.13.2.jar:4.13.2]
?[0m?[0;34m	at org.gradle.api.internal.tasks.testing.junit.JUnitTestClassExecutor.runTestClass(JUnitTestClassExecutor.java:108) ~[na:na]
?[0m?[0;34m	at org.gradle.api.internal.tasks.testing.junit.JUnitTestClassExecutor.execute(JUnitTestClassExecutor.java:57) ~[na:na]
?[0m?[0;34m	at org.gradle.api.internal.tasks.testing.junit.JUnitTestClassExecutor.execute(JUnitTestClassExecutor.java:39) ~[na:na]
?[0m?[0;34m	at org.gradle.api.internal.tasks.testing.junit.AbstractJUnitTestClassProcessor.processTestClass(AbstractJUnitTestClassProcessor.java:62) ~[na:na]
?[0m?[0;34m	at org.gradle.api.internal.tasks.testing.SuiteTestClassProcessor.processTestClass(SuiteTestClassProcessor.java:52) ~[na:na]
?[0m?[0;34m	at java.base/jdk.internal.reflect.NativeMethodAccessorImpl.invoke0(Native Method) ~[na:na]
?[0m?[0;34m	at java.base/jdk.internal.reflect.NativeMethodAccessorImpl.invoke(NativeMethodAccessorImpl.java:77) ~[na:na]
?[0m?[0;34m	at java.base/jdk.internal.reflect.DelegatingMethodAccessorImpl.invoke(DelegatingMethodAccessorImpl.java:43) ~[na:na]
?[0m?[0;34m	at java.base/java.lang.reflect.Method.invoke(Method.java:568) ~[na:na]
?[0m?[0;34m	at org.gradle.internal.dispatch.ReflectionDispatch.dispatch(ReflectionDispatch.java:36) ~[na:na]
?[0m?[0;34m	at org.gradle.internal.dispatch.ReflectionDispatch.dispatch(ReflectionDispatch.java:24) ~[na:na]
?[0m?[0;34m	at org.gradle.internal.dispatch.ContextClassLoaderDispatch.dispatch(ContextClassLoaderDispatch.java:33) ~[na:na]
?[0m?[0;34m	at org.gradle.internal.dispatch.ProxyDispatchAdapter$DispatchingInvocationHandler.invoke(ProxyDispatchAdapter.java:94) ~[na:na]
?[0m?[0;34m	at jdk.proxy1/jdk.proxy1.$Proxy2.processTestClass(Unknown Source) ~[na:na]
?[0m?[0;34m	at org.gradle.api.internal.tasks.testing.worker.TestWorker$2.run(TestWorker.java:176) ~[na:na]
?[0m?[0;34m	at org.gradle.api.internal.tasks.testing.worker.TestWorker.executeAndMaintainThreadName(TestWorker.java:129) ~[na:na]
?[0m?[0;34m	at org.gradle.api.internal.tasks.testing.worker.TestWorker.execute(TestWorker.java:100) ~[na:na]
?[0m?[0;34m	at org.gradle.api.internal.tasks.testing.worker.TestWorker.execute(TestWorker.java:60) ~[na:na]
?[0m?[0;34m	at org.gradle.process.internal.worker.child.ActionExecutionWorker.execute(ActionExecutionWorker.java:56) ~[na:na]
?[0m?[0;34m	at org.gradle.process.internal.worker.child.SystemApplicationClassLoaderWorker.call(SystemApplicationClassLoaderWorker.java:113) ~[na:na]
?[0m?[0;34m	at org.gradle.process.internal.worker.child.SystemApplicationClassLoaderWorker.call(SystemApplicationClassLoaderWorker.java:65) ~[na:na]
?[0m?[0;34m	at worker.org.gradle.process.internal.worker.GradleWorkerMain.run(GradleWorkerMain.java:69) ~[gradle-worker.jar:na]
?[0m?[0;34m	at worker.org.gradle.process.internal.worker.GradleWorkerMain.main(GradleWorkerMain.java:74) ~[gradle-worker.jar:na]
?[0m?[0;34m
?[0m?[0;34m2023-05-04T16:26:42.474+02:00  WARN 14120 --- [    Test worker] .t.u.s.PrivilegedSetAccessControlContext : Unable to set field Thread.inheritedAccessControlContext
?[0m?[0;34m
?[0m?[0;34mjava.lang.IllegalAccessException: class org.apache.tomcat.util.security.PrivilegedSetAccessControlContext cannot access a member of class java.lang.Thread (in module java.base) with modifiers "private"
?[0m?[0;34m	at java.base/jdk.internal.reflect.Reflection.newIllegalAccessException(Reflection.java:392) ~[na:na]
?[0m?[0;34m	at java.base/java.lang.reflect.AccessibleObject.checkAccess(AccessibleObject.java:674) ~[na:na]
?[0m?[0;34m	at java.base/java.lang.reflect.Field.checkAccess(Field.java:1102) ~[na:na]
?[0m?[0;34m	at java.base/java.lang.reflect.Field.set(Field.java:797) ~[na:na]
?[0m?[0;34m	at org.apache.tomcat.util.security.PrivilegedSetAccessControlContext.run(PrivilegedSetAccessControlContext.java:60) ~[tomcat-embed-core-10.1.5.jar:10.1.5]
?[0m?[0;34m	at org.apache.tomcat.util.security.PrivilegedSetAccessControlContext.run(PrivilegedSetAccessControlContext.java:28) ~[tomcat-embed-core-10.1.5.jar:10.1.5]
?[0m?[0;34m	at java.base/java.security.AccessController.doPrivileged(AccessController.java:318) ~[na:na]
?[0m?[0;34m	at org.apache.tomcat.util.threads.TaskThreadFactory.newThread(TaskThreadFactory.java:64) ~[tomcat-embed-core-10.1.5.jar:10.1.5]
?[0m?[0;34m	at org.apache.tomcat.util.threads.ThreadPoolExecutor$Worker.<init>(ThreadPoolExecutor.java:653) ~[tomcat-embed-core-10.1.5.jar:10.1.5]
?[0m?[0;34m	at org.apache.tomcat.util.threads.ThreadPoolExecutor.addWorker(ThreadPoolExecutor.java:957) ~[tomcat-embed-core-10.1.5.jar:10.1.5]
?[0m?[0;34m	at org.apache.tomcat.util.threads.ThreadPoolExecutor.prestartAllCoreThreads(ThreadPoolExecutor.java:1694) ~[tomcat-embed-core-10.1.5.jar:10.1.5]
?[0m?[0;34m	at org.apache.tomcat.util.threads.ThreadPoolExecutor.<init>(ThreadPoolExecutor.java:1370) ~[tomcat-embed-core-10.1.5.jar:10.1.5]
?[0m?[0;34m	at org.apache.tomcat.util.threads.ThreadPoolExecutor.<init>(ThreadPoolExecutor.java:1280) ~[tomcat-embed-core-10.1.5.jar:10.1.5]
?[0m?[0;34m	at org.apache.tomcat.util.net.AbstractEndpoint.createExecutor(AbstractEndpoint.java:948) ~[tomcat-embed-core-10.1.5.jar:10.1.5]
?[0m?[0;34m	at org.apache.tomcat.util.net.NioEndpoint.startInternal(NioEndpoint.java:279) ~[tomcat-embed-core-10.1.5.jar:10.1.5]
?[0m?[0;34m	at org.apache.tomcat.util.net.AbstractEndpoint.start(AbstractEndpoint.java:1261) ~[tomcat-embed-core-10.1.5.jar:10.1.5]
?[0m?[0;34m	at org.apache.coyote.AbstractProtocol.start(AbstractProtocol.java:586) ~[tomcat-embed-core-10.1.5.jar:10.1.5]
?[0m?[0;34m	at org.apache.catalina.connector.Connector.startInternal(Connector.java:1081) ~[tomcat-embed-core-10.1.5.jar:10.1.5]
?[0m?[0;34m	at org.apache.catalina.util.LifecycleBase.start(LifecycleBase.java:183) ~[tomcat-embed-core-10.1.5.jar:10.1.5]
?[0m?[0;34m	at org.apache.catalina.core.StandardService.addConnector(StandardService.java:234) ~[tomcat-embed-core-10.1.5.jar:10.1.5]
?[0m?[0;34m	at org.springframework.boot.web.embedded.tomcat.TomcatWebServer.addPreviouslyRemovedConnectors(TomcatWebServer.java:282) ~[spring-boot-3.0.2.jar:3.0.2]
?[0m?[0;34m	at org.springframework.boot.web.embedded.tomcat.TomcatWebServer.start(TomcatWebServer.java:213) ~[spring-boot-3.0.2.jar:3.0.2]
?[0m?[0;34m	at org.springframework.boot.web.servlet.context.WebServerStartStopLifecycle.start(WebServerStartStopLifecycle.java:44) ~[spring-boot-3.0.2.jar:3.0.2]
?[0m?[0;34m	at org.springframework.context.support.DefaultLifecycleProcessor.doStart(DefaultLifecycleProcessor.java:178) ~[spring-context-6.0.4.jar:6.0.4]
?[0m?[0;34m	at org.springframework.context.support.DefaultLifecycleProcessor$LifecycleGroup.start(DefaultLifecycleProcessor.java:356) ~[spring-context-6.0.4.jar:6.0.4]
?[0m?[0;34m	at java.base/java.lang.Iterable.forEach(Iterable.java:75) ~[na:na]
?[0m?[0;34m	at org.springframework.context.support.DefaultLifecycleProcessor.startBeans(DefaultLifecycleProcessor.java:155) ~[spring-context-6.0.4.jar:6.0.4]
?[0m?[0;34m	at org.springframework.context.support.DefaultLifecycleProcessor.onRefresh(DefaultLifecycleProcessor.java:123) ~[spring-context-6.0.4.jar:6.0.4]
?[0m?[0;34m	at org.springframework.context.support.AbstractApplicationContext.finishRefresh(AbstractApplicationContext.java:932) ~[spring-context-6.0.4.jar:6.0.4]
?[0m?[0;34m	at org.springframework.context.support.AbstractApplicationContext.refresh(AbstractApplicationContext.java:587) ~[spring-context-6.0.4.jar:6.0.4]
?[0m?[0;34m	at org.springframework.boot.web.servlet.context.ServletWebServerApplicationContext.refresh(ServletWebServerApplicationContext.java:146) ~[spring-boot-3.0.2.jar:3.0.2]
?[0m?[0;34m	at org.springframework.boot.SpringApplication.refresh(SpringApplication.java:730) ~[spring-boot-3.0.2.jar:3.0.2]
?[0m?[0;34m	at org.springframework.boot.SpringApplication.refreshContext(SpringApplication.java:432) ~[spring-boot-3.0.2.jar:3.0.2]
?[0m?[0;34m	at org.springframework.boot.SpringApplication.run(SpringApplication.java:308) ~[spring-boot-3.0.2.jar:3.0.2]
?[0m?[0;34m	at org.springframework.boot.SpringApplication.run(SpringApplication.java:1302) ~[spring-boot-3.0.2.jar:3.0.2]
?[0m?[0;34m	at org.springframework.boot.SpringApplication.run(SpringApplication.java:1291) ~[spring-boot-3.0.2.jar:3.0.2]
?[0m?[0;34m	at cinema.Main.main(Main.java:9) ~[main/:na]
?[0m?[0;34m	at java.base/jdk.internal.reflect.NativeMethodAccessorImpl.invoke0(Native Method) ~[na:na]
?[0m?[0;34m	at java.base/jdk.internal.reflect.NativeMethodAccessorImpl.invoke(NativeMethodAccessorImpl.java:77) ~[na:na]
?[0m?[0;34m	at java.base/jdk.internal.reflect.DelegatingMethodAccessorImpl.invoke(DelegatingMethodAccessorImpl.java:43) ~[na:na]
?[0m?[0;34m	at java.base/java.lang.reflect.Method.invoke(Method.java:568) ~[na:na]
?[0m?[0;34m	at org.hyperskill.hstest.stage.SpringTest.startSpring(SpringTest.java:187) ~[hs-test-release-SNAPSHOT.jar:na]
?[0m?[0;34m	at org.hyperskill.hstest.stage.SpringTest.launchSpring(SpringTest.java:49) ~[hs-test-release-SNAPSHOT.jar:na]
?[0m?[0;34m	at org.hyperskill.hstest.testing.runner.SpringApplicationRunner.launchSpringBootApplication(SpringApplicationRunner.java:20) ~[hs-test-release-SNAPSHOT.jar:na]
?[0m?[0;34m	at org.hyperskill.hstest.testing.runner.SpringApplicationRunner.setUp(SpringApplicationRunner.java:35) ~[hs-test-release-SNAPSHOT.jar:na]
?[0m?[0;34m	at org.hyperskill.hstest.testing.TestRun.setUp(TestRun.java:77) ~[hs-test-release-SNAPSHOT.jar:na]
?[0m?[0;34m	at org.hyperskill.hstest.stage.StageTest.start(StageTest.java:159) ~[hs-test-release-SNAPSHOT.jar:na]
?[0m?[0;34m	at java.base/jdk.internal.reflect.NativeMethodAccessorImpl.invoke0(Native Method) ~[na:na]
?[0m?[0;34m	at java.base/jdk.internal.reflect.NativeMethodAccessorImpl.invoke(NativeMethodAccessorImpl.java:77) ~[na:na]
?[0m?[0;34m	at java.base/jdk.internal.reflect.DelegatingMethodAccessorImpl.invoke(DelegatingMethodAccessorImpl.java:43) ~[na:na]
?[0m?[0;34m	at java.base/java.lang.reflect.Method.invoke(Method.java:568) ~[na:na]
?[0m?[0;34m	at org.junit.runners.model.FrameworkMethod$1.runReflectiveCall(FrameworkMethod.java:59) ~[junit-4.13.2.jar:4.13.2]
?[0m?[0;34m	at org.junit.internal.runners.model.ReflectiveCallable.run(ReflectiveCallable.java:12) ~[junit-4.13.2.jar:4.13.2]
?[0m?[0;34m	at org.junit.runners.model.FrameworkMethod.invokeExplosively(FrameworkMethod.java:56) ~[junit-4.13.2.jar:4.13.2]
?[0m?[0;34m	at org.junit.internal.runners.statements.InvokeMethod.evaluate(InvokeMethod.java:17) ~[junit-4.13.2.jar:4.13.2]
?[0m?[0;34m	at org.junit.internal.runners.statements.RunAfters.evaluate(RunAfters.java:27) ~[junit-4.13.2.jar:4.13.2]
?[0m?[0;34m	at org.junit.runners.ParentRunner$3.evaluate(ParentRunner.java:306) ~[junit-4.13.2.jar:4.13.2]
?[0m?[0;34m	at org.junit.runners.BlockJUnit4ClassRunner$1.evaluate(BlockJUnit4ClassRunner.java:100) ~[junit-4.13.2.jar:4.13.2]
?[0m?[0;34m	at org.junit.runners.ParentRunner.runLeaf(ParentRunner.java:366) ~[junit-4.13.2.jar:4.13.2]
?[0m?[0;34m	at org.junit.runners.BlockJUnit4ClassRunner.runChild(BlockJUnit4ClassRunner.java:103) ~[junit-4.13.2.jar:4.13.2]
?[0m?[0;34m	at org.junit.runners.BlockJUnit4ClassRunner.runChild(BlockJUnit4ClassRunner.java:63) ~[junit-4.13.2.jar:4.13.2]
?[0m?[0;34m	at org.junit.runners.ParentRunner$4.run(ParentRunner.java:331) ~[junit-4.13.2.jar:4.13.2]
?[0m?[0;34m	at org.junit.runners.ParentRunner$1.schedule(ParentRunner.java:79) ~[junit-4.13.2.jar:4.13.2]
?[0m?[0;34m	at org.junit.runners.ParentRunner.runChildren(ParentRunner.java:329) ~[junit-4.13.2.jar:4.13.2]
?[0m?[0;34m	at org.junit.runners.ParentRunner.access$100(ParentRunner.java:66) ~[junit-4.13.2.jar:4.13.2]
?[0m?[0;34m	at org.junit.runners.ParentRunner$2.evaluate(ParentRunner.java:293) ~[junit-4.13.2.jar:4.13.2]
?[0m?[0;34m	at org.junit.runners.ParentRunner$3.evaluate(ParentRunner.java:306) ~[junit-4.13.2.jar:4.13.2]
?[0m?[0;34m	at org.junit.runners.ParentRunner.run(ParentRunner.java:413) ~[junit-4.13.2.jar:4.13.2]
?[0m?[0;34m	at org.gradle.api.internal.tasks.testing.junit.JUnitTestClassExecutor.runTestClass(JUnitTestClassExecutor.java:108) ~[na:na]
?[0m?[0;34m	at org.gradle.api.internal.tasks.testing.junit.JUnitTestClassExecutor.execute(JUnitTestClassExecutor.java:57) ~[na:na]
?[0m?[0;34m	at org.gradle.api.internal.tasks.testing.junit.JUnitTestClassExecutor.execute(JUnitTestClassExecutor.java:39) ~[na:na]
?[0m?[0;34m	at org.gradle.api.internal.tasks.testing.junit.AbstractJUnitTestClassProcessor.processTestClass(AbstractJUnitTestClassProcessor.java:62) ~[na:na]
?[0m?[0;34m	at org.gradle.api.internal.tasks.testing.SuiteTestClassProcessor.processTestClass(SuiteTestClassProcessor.java:52) ~[na:na]
?[0m?[0;34m	at java.base/jdk.internal.reflect.NativeMethodAccessorImpl.invoke0(Native Method) ~[na:na]
?[0m?[0;34m	at java.base/jdk.internal.reflect.NativeMethodAccessorImpl.invoke(NativeMethodAccessorImpl.java:77) ~[na:na]
?[0m?[0;34m	at java.base/jdk.internal.reflect.DelegatingMethodAccessorImpl.invoke(DelegatingMethodAccessorImpl.java:43) ~[na:na]
?[0m?[0;34m	at java.base/java.lang.reflect.Method.invoke(Method.java:568) ~[na:na]
?[0m?[0;34m	at org.gradle.internal.dispatch.ReflectionDispatch.dispatch(ReflectionDispatch.java:36) ~[na:na]
?[0m?[0;34m	at org.gradle.internal.dispatch.ReflectionDispatch.dispatch(ReflectionDispatch.java:24) ~[na:na]
?[0m?[0;34m	at org.gradle.internal.dispatch.ContextClassLoaderDispatch.dispatch(ContextClassLoaderDispatch.java:33) ~[na:na]
?[0m?[0;34m	at org.gradle.internal.dispatch.ProxyDispatchAdapter$DispatchingInvocationHandler.invoke(ProxyDispatchAdapter.java:94) ~[na:na]
?[0m?[0;34m	at jdk.proxy1/jdk.proxy1.$Proxy2.processTestClass(Unknown Source) ~[na:na]
?[0m?[0;34m	at org.gradle.api.internal.tasks.testing.worker.TestWorker$2.run(TestWorker.java:176) ~[na:na]
?[0m?[0;34m	at org.gradle.api.internal.tasks.testing.worker.TestWorker.executeAndMaintainThreadName(TestWorker.java:129) ~[na:na]
?[0m?[0;34m	at org.gradle.api.internal.tasks.testing.worker.TestWorker.execute(TestWorker.java:100) ~[na:na]
?[0m?[0;34m	at org.gradle.api.internal.tasks.testing.worker.TestWorker.execute(TestWorker.java:60) ~[na:na]
?[0m?[0;34m	at org.gradle.process.internal.worker.child.ActionExecutionWorker.execute(ActionExecutionWorker.java:56) ~[na:na]
?[0m?[0;34m	at org.gradle.process.internal.worker.child.SystemApplicationClassLoaderWorker.call(SystemApplicationClassLoaderWorker.java:113) ~[na:na]
?[0m?[0;34m	at org.gradle.process.internal.worker.child.SystemApplicationClassLoaderWorker.call(SystemApplicationClassLoaderWorker.java:65) ~[na:na]
?[0m?[0;34m	at worker.org.gradle.process.internal.worker.GradleWorkerMain.run(GradleWorkerMain.java:69) ~[gradle-worker.jar:na]
?[0m?[0;34m	at worker.org.gradle.process.internal.worker.GradleWorkerMain.main(GradleWorkerMain.java:74) ~[gradle-worker.jar:na]
?[0m?[0;34m
?[0m?[0;34m2023-05-04T16:26:42.483+02:00  WARN 14120 --- [    Test worker] .t.u.s.PrivilegedSetAccessControlContext : Unable to set field Thread.inheritedAccessControlContext
?[0m?[0;34m
?[0m?[0;34mjava.lang.IllegalAccessException: class org.apache.tomcat.util.security.PrivilegedSetAccessControlContext cannot access a member of class java.lang.Thread (in module java.base) with modifiers "private"
?[0m?[0;34m	at java.base/jdk.internal.reflect.Reflection.newIllegalAccessException(Reflection.java:392) ~[na:na]
?[0m?[0;34m	at java.base/java.lang.reflect.AccessibleObject.checkAccess(AccessibleObject.java:674) ~[na:na]
?[0m?[0;34m	at java.base/java.lang.reflect.Field.checkAccess(Field.java:1102) ~[na:na]
?[0m?[0;34m	at java.base/java.lang.reflect.Field.set(Field.java:797) ~[na:na]
?[0m?[0;34m	at org.apache.tomcat.util.security.PrivilegedSetAccessControlContext.run(PrivilegedSetAccessControlContext.java:60) ~[tomcat-embed-core-10.1.5.jar:10.1.5]
?[0m?[0;34m	at org.apache.tomcat.util.security.PrivilegedSetAccessControlContext.run(PrivilegedSetAccessControlContext.java:28) ~[tomcat-embed-core-10.1.5.jar:10.1.5]
?[0m?[0;34m	at java.base/java.security.AccessController.doPrivileged(AccessController.java:318) ~[na:na]
?[0m?[0;34m	at org.apache.tomcat.util.threads.TaskThreadFactory.newThread(TaskThreadFactory.java:64) ~[tomcat-embed-core-10.1.5.jar:10.1.5]
?[0m?[0;34m	at org.apache.tomcat.util.threads.ThreadPoolExecutor$Worker.<init>(ThreadPoolExecutor.java:653) ~[tomcat-embed-core-10.1.5.jar:10.1.5]
?[0m?[0;34m	at org.apache.tomcat.util.threads.ThreadPoolExecutor.addWorker(ThreadPoolExecutor.java:957) ~[tomcat-embed-core-10.1.5.jar:10.1.5]
?[0m?[0;34m	at org.apache.tomcat.util.threads.ThreadPoolExecutor.prestartAllCoreThreads(ThreadPoolExecutor.java:1694) ~[tomcat-embed-core-10.1.5.jar:10.1.5]
?[0m?[0;34m	at org.apache.tomcat.util.threads.ThreadPoolExecutor.<init>(ThreadPoolExecutor.java:1370) ~[tomcat-embed-core-10.1.5.jar:10.1.5]
?[0m?[0;34m	at org.apache.tomcat.util.threads.ThreadPoolExecutor.<init>(ThreadPoolExecutor.java:1280) ~[tomcat-embed-core-10.1.5.jar:10.1.5]
?[0m?[0;34m	at org.apache.tomcat.util.net.AbstractEndpoint.createExecutor(AbstractEndpoint.java:948) ~[tomcat-embed-core-10.1.5.jar:10.1.5]
?[0m?[0;34m	at org.apache.tomcat.util.net.NioEndpoint.startInternal(NioEndpoint.java:279) ~[tomcat-embed-core-10.1.5.jar:10.1.5]
?[0m?[0;34m	at org.apache.tomcat.util.net.AbstractEndpoint.start(AbstractEndpoint.java:1261) ~[tomcat-embed-core-10.1.5.jar:10.1.5]
?[0m?[0;34m	at org.apache.coyote.AbstractProtocol.start(AbstractProtocol.java:586) ~[tomcat-embed-core-10.1.5.jar:10.1.5]
?[0m?[0;34m	at org.apache.catalina.connector.Connector.startInternal(Connector.java:1081) ~[tomcat-embed-core-10.1.5.jar:10.1.5]
?[0m?[0;34m	at org.apache.catalina.util.LifecycleBase.start(LifecycleBase.java:183) ~[tomcat-embed-core-10.1.5.jar:10.1.5]
?[0m?[0;34m	at org.apache.catalina.core.StandardService.addConnector(StandardService.java:234) ~[tomcat-embed-core-10.1.5.jar:10.1.5]
?[0m?[0;34m	at org.springframework.boot.web.embedded.tomcat.TomcatWebServer.addPreviouslyRemovedConnectors(TomcatWebServer.java:282) ~[spring-boot-3.0.2.jar:3.0.2]
?[0m?[0;34m	at org.springframework.boot.web.embedded.tomcat.TomcatWebServer.start(TomcatWebServer.java:213) ~[spring-boot-3.0.2.jar:3.0.2]
?[0m?[0;34m	at org.springframework.boot.web.servlet.context.WebServerStartStopLifecycle.start(WebServerStartStopLifecycle.java:44) ~[spring-boot-3.0.2.jar:3.0.2]
?[0m?[0;34m	at org.springframework.context.support.DefaultLifecycleProcessor.doStart(DefaultLifecycleProcessor.java:178) ~[spring-context-6.0.4.jar:6.0.4]
?[0m?[0;34m	at org.springframework.context.support.DefaultLifecycleProcessor$LifecycleGroup.start(DefaultLifecycleProcessor.java:356) ~[spring-context-6.0.4.jar:6.0.4]
?[0m?[0;34m	at java.base/java.lang.Iterable.forEach(Iterable.java:75) ~[na:na]
?[0m?[0;34m	at org.springframework.context.support.DefaultLifecycleProcessor.startBeans(DefaultLifecycleProcessor.java:155) ~[spring-context-6.0.4.jar:6.0.4]
?[0m?[0;34m	at org.springframework.context.support.DefaultLifecycleProcessor.onRefresh(DefaultLifecycleProcessor.java:123) ~[spring-context-6.0.4.jar:6.0.4]
?[0m?[0;34m	at org.springframework.context.support.AbstractApplicationContext.finishRefresh(AbstractApplicationContext.java:932) ~[spring-context-6.0.4.jar:6.0.4]
?[0m?[0;34m	at org.springframework.context.support.AbstractApplicationContext.refresh(AbstractApplicationContext.java:587) ~[spring-context-6.0.4.jar:6.0.4]
?[0m?[0;34m	at org.springframework.boot.web.servlet.context.ServletWebServerApplicationContext.refresh(ServletWebServerApplicationContext.java:146) ~[spring-boot-3.0.2.jar:3.0.2]
?[0m?[0;34m	at org.springframework.boot.SpringApplication.refresh(SpringApplication.java:730) ~[spring-boot-3.0.2.jar:3.0.2]
?[0m?[0;34m	at org.springframework.boot.SpringApplication.refreshContext(SpringApplication.java:432) ~[spring-boot-3.0.2.jar:3.0.2]
?[0m?[0;34m	at org.springframework.boot.SpringApplication.run(SpringApplication.java:308) ~[spring-boot-3.0.2.jar:3.0.2]
?[0m?[0;34m	at org.springframework.boot.SpringApplication.run(SpringApplication.java:1302) ~[spring-boot-3.0.2.jar:3.0.2]
?[0m?[0;34m	at org.springframework.boot.SpringApplication.run(SpringApplication.java:1291) ~[spring-boot-3.0.2.jar:3.0.2]
?[0m?[0;34m	at cinema.Main.main(Main.java:9) ~[main/:na]
?[0m?[0;34m	at java.base/jdk.internal.reflect.NativeMethodAccessorImpl.invoke0(Native Method) ~[na:na]
?[0m?[0;34m	at java.base/jdk.internal.reflect.NativeMethodAccessorImpl.invoke(NativeMethodAccessorImpl.java:77) ~[na:na]
?[0m?[0;34m	at java.base/jdk.internal.reflect.DelegatingMethodAccessorImpl.invoke(DelegatingMethodAccessorImpl.java:43) ~[na:na]
?[0m?[0;34m	at java.base/java.lang.reflect.Method.invoke(Method.java:568) ~[na:na]
?[0m?[0;34m	at org.hyperskill.hstest.stage.SpringTest.startSpring(SpringTest.java:187) ~[hs-test-release-SNAPSHOT.jar:na]
?[0m?[0;34m	at org.hyperskill.hstest.stage.SpringTest.launchSpring(SpringTest.java:49) ~[hs-test-release-SNAPSHOT.jar:na]
?[0m?[0;34m	at org.hyperskill.hstest.testing.runner.SpringApplicationRunner.launchSpringBootApplication(SpringApplicationRunner.java:20) ~[hs-test-release-SNAPSHOT.jar:na]
?[0m?[0;34m	at org.hyperskill.hstest.testing.runner.SpringApplicationRunner.setUp(SpringApplicationRunner.java:35) ~[hs-test-release-SNAPSHOT.jar:na]
?[0m?[0;34m	at org.hyperskill.hstest.testing.TestRun.setUp(TestRun.java:77) ~[hs-test-release-SNAPSHOT.jar:na]
?[0m?[0;34m	at org.hyperskill.hstest.stage.StageTest.start(StageTest.java:159) ~[hs-test-release-SNAPSHOT.jar:na]
?[0m?[0;34m	at java.base/jdk.internal.reflect.NativeMethodAccessorImpl.invoke0(Native Method) ~[na:na]
?[0m?[0;34m	at java.base/jdk.internal.reflect.NativeMethodAccessorImpl.invoke(NativeMethodAccessorImpl.java:77) ~[na:na]
?[0m?[0;34m	at java.base/jdk.internal.reflect.DelegatingMethodAccessorImpl.invoke(DelegatingMethodAccessorImpl.java:43) ~[na:na]
?[0m?[0;34m	at java.base/java.lang.reflect.Method.invoke(Method.java:568) ~[na:na]
?[0m?[0;34m	at org.junit.runners.model.FrameworkMethod$1.runReflectiveCall(FrameworkMethod.java:59) ~[junit-4.13.2.jar:4.13.2]
?[0m?[0;34m	at org.junit.internal.runners.model.ReflectiveCallable.run(ReflectiveCallable.java:12) ~[junit-4.13.2.jar:4.13.2]
?[0m?[0;34m	at org.junit.runners.model.FrameworkMethod.invokeExplosively(FrameworkMethod.java:56) ~[junit-4.13.2.jar:4.13.2]
?[0m?[0;34m	at org.junit.internal.runners.statements.InvokeMethod.evaluate(InvokeMethod.java:17) ~[junit-4.13.2.jar:4.13.2]
?[0m?[0;34m	at org.junit.internal.runners.statements.RunAfters.evaluate(RunAfters.java:27) ~[junit-4.13.2.jar:4.13.2]
?[0m?[0;34m	at org.junit.runners.ParentRunner$3.evaluate(ParentRunner.java:306) ~[junit-4.13.2.jar:4.13.2]
?[0m?[0;34m	at org.junit.runners.BlockJUnit4ClassRunner$1.evaluate(BlockJUnit4ClassRunner.java:100) ~[junit-4.13.2.jar:4.13.2]
?[0m?[0;34m	at org.junit.runners.ParentRunner.runLeaf(ParentRunner.java:366) ~[junit-4.13.2.jar:4.13.2]
?[0m?[0;34m	at org.junit.runners.BlockJUnit4ClassRunner.runChild(BlockJUnit4ClassRunner.java:103) ~[junit-4.13.2.jar:4.13.2]
?[0m?[0;34m	at org.junit.runners.BlockJUnit4ClassRunner.runChild(BlockJUnit4ClassRunner.java:63) ~[junit-4.13.2.jar:4.13.2]
?[0m?[0;34m	at org.junit.runners.ParentRunner$4.run(ParentRunner.java:331) ~[junit-4.13.2.jar:4.13.2]
?[0m?[0;34m	at org.junit.runners.ParentRunner$1.schedule(ParentRunner.java:79) ~[junit-4.13.2.jar:4.13.2]
?[0m?[0;34m	at org.junit.runners.ParentRunner.runChildren(ParentRunner.java:329) ~[junit-4.13.2.jar:4.13.2]
?[0m?[0;34m	at org.junit.runners.ParentRunner.access$100(ParentRunner.java:66) ~[junit-4.13.2.jar:4.13.2]
?[0m?[0;34m	at org.junit.runners.ParentRunner$2.evaluate(ParentRunner.java:293) ~[junit-4.13.2.jar:4.13.2]
?[0m?[0;34m	at org.junit.runners.ParentRunner$3.evaluate(ParentRunner.java:306) ~[junit-4.13.2.jar:4.13.2]
?[0m?[0;34m	at org.junit.runners.ParentRunner.run(ParentRunner.java:413) ~[junit-4.13.2.jar:4.13.2]
?[0m?[0;34m	at org.gradle.api.internal.tasks.testing.junit.JUnitTestClassExecutor.runTestClass(JUnitTestClassExecutor.java:108) ~[na:na]
?[0m?[0;34m	at org.gradle.api.internal.tasks.testing.junit.JUnitTestClassExecutor.execute(JUnitTestClassExecutor.java:57) ~[na:na]
?[0m?[0;34m	at org.gradle.api.internal.tasks.testing.junit.JUnitTestClassExecutor.execute(JUnitTestClassExecutor.java:39) ~[na:na]
?[0m?[0;34m	at org.gradle.api.internal.tasks.testing.junit.AbstractJUnitTestClassProcessor.processTestClass(AbstractJUnitTestClassProcessor.java:62) ~[na:na]
?[0m?[0;34m	at org.gradle.api.internal.tasks.testing.SuiteTestClassProcessor.processTestClass(SuiteTestClassProcessor.java:52) ~[na:na]
?[0m?[0;34m	at java.base/jdk.internal.reflect.NativeMethodAccessorImpl.invoke0(Native Method) ~[na:na]
?[0m?[0;34m	at java.base/jdk.internal.reflect.NativeMethodAccessorImpl.invoke(NativeMethodAccessorImpl.java:77) ~[na:na]
?[0m?[0;34m	at java.base/jdk.internal.reflect.DelegatingMethodAccessorImpl.invoke(DelegatingMethodAccessorImpl.java:43) ~[na:na]
?[0m?[0;34m	at java.base/java.lang.reflect.Method.invoke(Method.java:568) ~[na:na]
?[0m?[0;34m	at org.gradle.internal.dispatch.ReflectionDispatch.dispatch(ReflectionDispatch.java:36) ~[na:na]
?[0m?[0;34m	at org.gradle.internal.dispatch.ReflectionDispatch.dispatch(ReflectionDispatch.java:24) ~[na:na]
?[0m?[0;34m	at org.gradle.internal.dispatch.ContextClassLoaderDispatch.dispatch(ContextClassLoaderDispatch.java:33) ~[na:na]
?[0m?[0;34m	at org.gradle.internal.dispatch.ProxyDispatchAdapter$DispatchingInvocationHandler.invoke(ProxyDispatchAdapter.java:94) ~[na:na]
?[0m?[0;34m	at jdk.proxy1/jdk.proxy1.$Proxy2.processTestClass(Unknown Source) ~[na:na]
?[0m?[0;34m	at org.gradle.api.internal.tasks.testing.worker.TestWorker$2.run(TestWorker.java:176) ~[na:na]
?[0m?[0;34m	at org.gradle.api.internal.tasks.testing.worker.TestWorker.executeAndMaintainThreadName(TestWorker.java:129) ~[na:na]
?[0m?[0;34m	at org.gradle.api.internal.tasks.testing.worker.TestWorker.execute(TestWorker.java:100) ~[na:na]
?[0m?[0;34m	at org.gradle.api.internal.tasks.testing.worker.TestWorker.execute(TestWorker.java:60) ~[na:na]
?[0m?[0;34m	at org.gradle.process.internal.worker.child.ActionExecutionWorker.execute(ActionExecutionWorker.java:56) ~[na:na]
?[0m?[0;34m	at org.gradle.process.internal.worker.child.SystemApplicationClassLoaderWorker.call(SystemApplicationClassLoaderWorker.java:113) ~[na:na]
?[0m?[0;34m	at org.gradle.process.internal.worker.child.SystemApplicationClassLoaderWorker.call(SystemApplicationClassLoaderWorker.java:65) ~[na:na]
?[0m?[0;34m	at worker.org.gradle.process.internal.worker.GradleWorkerMain.run(GradleWorkerMain.java:69) ~[gradle-worker.jar:na]
?[0m?[0;34m	at worker.org.gradle.process.internal.worker.GradleWorkerMain.main(GradleWorkerMain.java:74) ~[gradle-worker.jar:na]
?[0m?[0;34m
?[0m?[0;34m2023-05-04T16:26:42.494+02:00  WARN 14120 --- [    Test worker] .t.u.s.PrivilegedSetAccessControlContext : Unable to set field Thread.inheritedAccessControlContext
?[0m?[0;34m
?[0m?[0;34mjava.lang.IllegalAccessException: class org.apache.tomcat.util.security.PrivilegedSetAccessControlContext cannot access a member of class java.lang.Thread (in module java.base) with modifiers "private"
?[0m?[0;34m	at java.base/jdk.internal.reflect.Reflection.newIllegalAccessException(Reflection.java:392) ~[na:na]
?[0m?[0;34m	at java.base/java.lang.reflect.AccessibleObject.checkAccess(AccessibleObject.java:674) ~[na:na]
?[0m?[0;34m	at java.base/java.lang.reflect.Field.checkAccess(Field.java:1102) ~[na:na]
?[0m?[0;34m	at java.base/java.lang.reflect.Field.set(Field.java:797) ~[na:na]
?[0m?[0;34m	at org.apache.tomcat.util.security.PrivilegedSetAccessControlContext.run(PrivilegedSetAccessControlContext.java:60) ~[tomcat-embed-core-10.1.5.jar:10.1.5]
?[0m?[0;34m	at org.apache.tomcat.util.security.PrivilegedSetAccessControlContext.run(PrivilegedSetAccessControlContext.java:28) ~[tomcat-embed-core-10.1.5.jar:10.1.5]
?[0m?[0;34m	at java.base/java.security.AccessController.doPrivileged(AccessController.java:318) ~[na:na]
?[0m?[0;34m	at org.apache.tomcat.util.threads.TaskThreadFactory.newThread(TaskThreadFactory.java:64) ~[tomcat-embed-core-10.1.5.jar:10.1.5]
?[0m?[0;34m	at org.apache.tomcat.util.threads.ThreadPoolExecutor$Worker.<init>(ThreadPoolExecutor.java:653) ~[tomcat-embed-core-10.1.5.jar:10.1.5]
?[0m?[0;34m	at org.apache.tomcat.util.threads.ThreadPoolExecutor.addWorker(ThreadPoolExecutor.java:957) ~[tomcat-embed-core-10.1.5.jar:10.1.5]
?[0m?[0;34m	at org.apache.tomcat.util.threads.ThreadPoolExecutor.prestartAllCoreThreads(ThreadPoolExecutor.java:1694) ~[tomcat-embed-core-10.1.5.jar:10.1.5]
?[0m?[0;34m	at org.apache.tomcat.util.threads.ThreadPoolExecutor.<init>(ThreadPoolExecutor.java:1370) ~[tomcat-embed-core-10.1.5.jar:10.1.5]
?[0m?[0;34m	at org.apache.tomcat.util.threads.ThreadPoolExecutor.<init>(ThreadPoolExecutor.java:1280) ~[tomcat-embed-core-10.1.5.jar:10.1.5]
?[0m?[0;34m	at org.apache.tomcat.util.net.AbstractEndpoint.createExecutor(AbstractEndpoint.java:948) ~[tomcat-embed-core-10.1.5.jar:10.1.5]
?[0m?[0;34m	at org.apache.tomcat.util.net.NioEndpoint.startInternal(NioEndpoint.java:279) ~[tomcat-embed-core-10.1.5.jar:10.1.5]
?[0m?[0;34m	at org.apache.tomcat.util.net.AbstractEndpoint.start(AbstractEndpoint.java:1261) ~[tomcat-embed-core-10.1.5.jar:10.1.5]
?[0m?[0;34m	at org.apache.coyote.AbstractProtocol.start(AbstractProtocol.java:586) ~[tomcat-embed-core-10.1.5.jar:10.1.5]
?[0m?[0;34m	at org.apache.catalina.connector.Connector.startInternal(Connector.java:1081) ~[tomcat-embed-core-10.1.5.jar:10.1.5]
?[0m?[0;34m	at org.apache.catalina.util.LifecycleBase.start(LifecycleBase.java:183) ~[tomcat-embed-core-10.1.5.jar:10.1.5]
?[0m?[0;34m	at org.apache.catalina.core.StandardService.addConnector(StandardService.java:234) ~[tomcat-embed-core-10.1.5.jar:10.1.5]
?[0m?[0;34m	at org.springframework.boot.web.embedded.tomcat.TomcatWebServer.addPreviouslyRemovedConnectors(TomcatWebServer.java:282) ~[spring-boot-3.0.2.jar:3.0.2]
?[0m?[0;34m	at org.springframework.boot.web.embedded.tomcat.TomcatWebServer.start(TomcatWebServer.java:213) ~[spring-boot-3.0.2.jar:3.0.2]
?[0m?[0;34m	at org.springframework.boot.web.servlet.context.WebServerStartStopLifecycle.start(WebServerStartStopLifecycle.java:44) ~[spring-boot-3.0.2.jar:3.0.2]
?[0m?[0;34m	at org.springframework.context.support.DefaultLifecycleProcessor.doStart(DefaultLifecycleProcessor.java:178) ~[spring-context-6.0.4.jar:6.0.4]
?[0m?[0;34m	at org.springframework.context.support.DefaultLifecycleProcessor$LifecycleGroup.start(DefaultLifecycleProcessor.java:356) ~[spring-context-6.0.4.jar:6.0.4]
?[0m?[0;34m	at java.base/java.lang.Iterable.forEach(Iterable.java:75) ~[na:na]
?[0m?[0;34m	at org.springframework.context.support.DefaultLifecycleProcessor.startBeans(DefaultLifecycleProcessor.java:155) ~[spring-context-6.0.4.jar:6.0.4]
?[0m?[0;34m	at org.springframework.context.support.DefaultLifecycleProcessor.onRefresh(DefaultLifecycleProcessor.java:123) ~[spring-context-6.0.4.jar:6.0.4]
?[0m?[0;34m	at org.springframework.context.support.AbstractApplicationContext.finishRefresh(AbstractApplicationContext.java:932) ~[spring-context-6.0.4.jar:6.0.4]
?[0m?[0;34m	at org.springframework.context.support.AbstractApplicationContext.refresh(AbstractApplicationContext.java:587) ~[spring-context-6.0.4.jar:6.0.4]
?[0m?[0;34m	at org.springframework.boot.web.servlet.context.ServletWebServerApplicationContext.refresh(ServletWebServerApplicationContext.java:146) ~[spring-boot-3.0.2.jar:3.0.2]
?[0m?[0;34m	at org.springframework.boot.SpringApplication.refresh(SpringApplication.java:730) ~[spring-boot-3.0.2.jar:3.0.2]
?[0m?[0;34m	at org.springframework.boot.SpringApplication.refreshContext(SpringApplication.java:432) ~[spring-boot-3.0.2.jar:3.0.2]
?[0m?[0;34m	at org.springframework.boot.SpringApplication.run(SpringApplication.java:308) ~[spring-boot-3.0.2.jar:3.0.2]
?[0m?[0;34m	at org.springframework.boot.SpringApplication.run(SpringApplication.java:1302) ~[spring-boot-3.0.2.jar:3.0.2]
?[0m?[0;34m	at org.springframework.boot.SpringApplication.run(SpringApplication.java:1291) ~[spring-boot-3.0.2.jar:3.0.2]
?[0m?[0;34m	at cinema.Main.main(Main.java:9) ~[main/:na]
?[0m?[0;34m	at java.base/jdk.internal.reflect.NativeMethodAccessorImpl.invoke0(Native Method) ~[na:na]
?[0m?[0;34m	at java.base/jdk.internal.reflect.NativeMethodAccessorImpl.invoke(NativeMethodAccessorImpl.java:77) ~[na:na]
?[0m?[0;34m	at java.base/jdk.internal.reflect.DelegatingMethodAccessorImpl.invoke(DelegatingMethodAccessorImpl.java:43) ~[na:na]
?[0m?[0;34m	at java.base/java.lang.reflect.Method.invoke(Method.java:568) ~[na:na]
?[0m?[0;34m	at org.hyperskill.hstest.stage.SpringTest.startSpring(SpringTest.java:187) ~[hs-test-release-SNAPSHOT.jar:na]
?[0m?[0;34m	at org.hyperskill.hstest.stage.SpringTest.launchSpring(SpringTest.java:49) ~[hs-test-release-SNAPSHOT.jar:na]
?[0m?[0;34m	at org.hyperskill.hstest.testing.runner.SpringApplicationRunner.launchSpringBootApplication(SpringApplicationRunner.java:20) ~[hs-test-release-SNAPSHOT.jar:na]
?[0m?[0;34m	at org.hyperskill.hstest.testing.runner.SpringApplicationRunner.setUp(SpringApplicationRunner.java:35) ~[hs-test-release-SNAPSHOT.jar:na]
?[0m?[0;34m	at org.hyperskill.hstest.testing.TestRun.setUp(TestRun.java:77) ~[hs-test-release-SNAPSHOT.jar:na]
?[0m?[0;34m	at org.hyperskill.hstest.stage.StageTest.start(StageTest.java:159) ~[hs-test-release-SNAPSHOT.jar:na]
?[0m?[0;34m	at java.base/jdk.internal.reflect.NativeMethodAccessorImpl.invoke0(Native Method) ~[na:na]
?[0m?[0;34m	at java.base/jdk.internal.reflect.NativeMethodAccessorImpl.invoke(NativeMethodAccessorImpl.java:77) ~[na:na]
?[0m?[0;34m	at java.base/jdk.internal.reflect.DelegatingMethodAccessorImpl.invoke(DelegatingMethodAccessorImpl.java:43) ~[na:na]
?[0m?[0;34m	at java.base/java.lang.reflect.Method.invoke(Method.java:568) ~[na:na]
?[0m?[0;34m	at org.junit.runners.model.FrameworkMethod$1.runReflectiveCall(FrameworkMethod.java:59) ~[junit-4.13.2.jar:4.13.2]
?[0m?[0;34m	at org.junit.internal.runners.model.ReflectiveCallable.run(ReflectiveCallable.java:12) ~[junit-4.13.2.jar:4.13.2]
?[0m?[0;34m	at org.junit.runners.model.FrameworkMethod.invokeExplosively(FrameworkMethod.java:56) ~[junit-4.13.2.jar:4.13.2]
?[0m?[0;34m	at org.junit.internal.runners.statements.InvokeMethod.evaluate(InvokeMethod.java:17) ~[junit-4.13.2.jar:4.13.2]
?[0m?[0;34m	at org.junit.internal.runners.statements.RunAfters.evaluate(RunAfters.java:27) ~[junit-4.13.2.jar:4.13.2]
?[0m?[0;34m	at org.junit.runners.ParentRunner$3.evaluate(ParentRunner.java:306) ~[junit-4.13.2.jar:4.13.2]
?[0m?[0;34m	at org.junit.runners.BlockJUnit4ClassRunner$1.evaluate(BlockJUnit4ClassRunner.java:100) ~[junit-4.13.2.jar:4.13.2]
?[0m?[0;34m	at org.junit.runners.ParentRunner.runLeaf(ParentRunner.java:366) ~[junit-4.13.2.jar:4.13.2]
?[0m?[0;34m	at org.junit.runners.BlockJUnit4ClassRunner.runChild(BlockJUnit4ClassRunner.java:103) ~[junit-4.13.2.jar:4.13.2]
?[0m?[0;34m	at org.junit.runners.BlockJUnit4ClassRunner.runChild(BlockJUnit4ClassRunner.java:63) ~[junit-4.13.2.jar:4.13.2]
?[0m?[0;34m	at org.junit.runners.ParentRunner$4.run(ParentRunner.java:331) ~[junit-4.13.2.jar:4.13.2]
?[0m?[0;34m	at org.junit.runners.ParentRunner$1.schedule(ParentRunner.java:79) ~[junit-4.13.2.jar:4.13.2]
?[0m?[0;34m	at org.junit.runners.ParentRunner.runChildren(ParentRunner.java:329) ~[junit-4.13.2.jar:4.13.2]
?[0m?[0;34m	at org.junit.runners.ParentRunner.access$100(ParentRunner.java:66) ~[junit-4.13.2.jar:4.13.2]
?[0m?[0;34m	at org.junit.runners.ParentRunner$2.evaluate(ParentRunner.java:293) ~[junit-4.13.2.jar:4.13.2]
?[0m?[0;34m	at org.junit.runners.ParentRunner$3.evaluate(ParentRunner.java:306) ~[junit-4.13.2.jar:4.13.2]
?[0m?[0;34m	at org.junit.runners.ParentRunner.run(ParentRunner.java:413) ~[junit-4.13.2.jar:4.13.2]
?[0m?[0;34m	at org.gradle.api.internal.tasks.testing.junit.JUnitTestClassExecutor.runTestClass(JUnitTestClassExecutor.java:108) ~[na:na]
?[0m?[0;34m	at org.gradle.api.internal.tasks.testing.junit.JUnitTestClassExecutor.execute(JUnitTestClassExecutor.java:57) ~[na:na]
?[0m?[0;34m	at org.gradle.api.internal.tasks.testing.junit.JUnitTestClassExecutor.execute(JUnitTestClassExecutor.java:39) ~[na:na]
?[0m?[0;34m	at org.gradle.api.internal.tasks.testing.junit.AbstractJUnitTestClassProcessor.processTestClass(AbstractJUnitTestClassProcessor.java:62) ~[na:na]
?[0m?[0;34m	at org.gradle.api.internal.tasks.testing.SuiteTestClassProcessor.processTestClass(SuiteTestClassProcessor.java:52) ~[na:na]
?[0m?[0;34m	at java.base/jdk.internal.reflect.NativeMethodAccessorImpl.invoke0(Native Method) ~[na:na]
?[0m?[0;34m	at java.base/jdk.internal.reflect.NativeMethodAccessorImpl.invoke(NativeMethodAccessorImpl.java:77) ~[na:na]
?[0m?[0;34m	at java.base/jdk.internal.reflect.DelegatingMethodAccessorImpl.invoke(DelegatingMethodAccessorImpl.java:43) ~[na:na]
?[0m?[0;34m	at java.base/java.lang.reflect.Method.invoke(Method.java:568) ~[na:na]
?[0m?[0;34m	at org.gradle.internal.dispatch.ReflectionDispatch.dispatch(ReflectionDispatch.java:36) ~[na:na]
?[0m?[0;34m	at org.gradle.internal.dispatch.ReflectionDispatch.dispatch(ReflectionDispatch.java:24) ~[na:na]
?[0m?[0;34m	at org.gradle.internal.dispatch.ContextClassLoaderDispatch.dispatch(ContextClassLoaderDispatch.java:33) ~[na:na]
?[0m?[0;34m	at org.gradle.internal.dispatch.ProxyDispatchAdapter$DispatchingInvocationHandler.invoke(ProxyDispatchAdapter.java:94) ~[na:na]
?[0m?[0;34m	at jdk.proxy1/jdk.proxy1.$Proxy2.processTestClass(Unknown Source) ~[na:na]
?[0m?[0;34m	at org.gradle.api.internal.tasks.testing.worker.TestWorker$2.run(TestWorker.java:176) ~[na:na]
?[0m?[0;34m	at org.gradle.api.internal.tasks.testing.worker.TestWorker.executeAndMaintainThreadName(TestWorker.java:129) ~[na:na]
?[0m?[0;34m	at org.gradle.api.internal.tasks.testing.worker.TestWorker.execute(TestWorker.java:100) ~[na:na]
?[0m?[0;34m	at org.gradle.api.internal.tasks.testing.worker.TestWorker.execute(TestWorker.java:60) ~[na:na]
?[0m?[0;34m	at org.gradle.process.internal.worker.child.ActionExecutionWorker.execute(ActionExecutionWorker.java:56) ~[na:na]
?[0m?[0;34m	at org.gradle.process.internal.worker.child.SystemApplicationClassLoaderWorker.call(SystemApplicationClassLoaderWorker.java:113) ~[na:na]
?[0m?[0;34m	at org.gradle.process.internal.worker.child.SystemApplicationClassLoaderWorker.call(SystemApplicationClassLoaderWorker.java:65) ~[na:na]
?[0m?[0;34m	at worker.org.gradle.process.internal.worker.GradleWorkerMain.run(GradleWorkerMain.java:69) ~[gradle-worker.jar:na]
?[0m?[0;34m	at worker.org.gradle.process.internal.worker.GradleWorkerMain.main(GradleWorkerMain.java:74) ~[gradle-worker.jar:na]
?[0m?[0;34m
?[0m?[0;34m2023-05-04T16:26:42.505+02:00  WARN 14120 --- [    Test worker] .t.u.s.PrivilegedSetAccessControlContext : Unable to set field Thread.inheritedAccessControlContext
?[0m?[0;34m
?[0m?[0;34mjava.lang.IllegalAccessException: class org.apache.tomcat.util.security.PrivilegedSetAccessControlContext cannot access a member of class java.lang.Thread (in module java.base) with modifiers "private"
?[0m?[0;34m	at java.base/jdk.internal.reflect.Reflection.newIllegalAccessException(Reflection.java:392) ~[na:na]
?[0m?[0;34m	at java.base/java.lang.reflect.AccessibleObject.checkAccess(AccessibleObject.java:674) ~[na:na]
?[0m?[0;34m	at java.base/java.lang.reflect.Field.checkAccess(Field.java:1102) ~[na:na]
?[0m?[0;34m	at java.base/java.lang.reflect.Field.set(Field.java:797) ~[na:na]
?[0m?[0;34m	at org.apache.tomcat.util.security.PrivilegedSetAccessControlContext.run(PrivilegedSetAccessControlContext.java:60) ~[tomcat-embed-core-10.1.5.jar:10.1.5]
?[0m?[0;34m	at org.apache.tomcat.util.security.PrivilegedSetAccessControlContext.run(PrivilegedSetAccessControlContext.java:28) ~[tomcat-embed-core-10.1.5.jar:10.1.5]
?[0m?[0;34m	at java.base/java.security.AccessController.doPrivileged(AccessController.java:318) ~[na:na]
?[0m?[0;34m	at org.apache.tomcat.util.threads.TaskThreadFactory.newThread(TaskThreadFactory.java:64) ~[tomcat-embed-core-10.1.5.jar:10.1.5]
?[0m?[0;34m	at org.apache.tomcat.util.threads.ThreadPoolExecutor$Worker.<init>(ThreadPoolExecutor.java:653) ~[tomcat-embed-core-10.1.5.jar:10.1.5]
?[0m?[0;34m	at org.apache.tomcat.util.threads.ThreadPoolExecutor.addWorker(ThreadPoolExecutor.java:957) ~[tomcat-embed-core-10.1.5.jar:10.1.5]
?[0m?[0;34m	at org.apache.tomcat.util.threads.ThreadPoolExecutor.prestartAllCoreThreads(ThreadPoolExecutor.java:1694) ~[tomcat-embed-core-10.1.5.jar:10.1.5]
?[0m?[0;34m	at org.apache.tomcat.util.threads.ThreadPoolExecutor.<init>(ThreadPoolExecutor.java:1370) ~[tomcat-embed-core-10.1.5.jar:10.1.5]
?[0m?[0;34m	at org.apache.tomcat.util.threads.ThreadPoolExecutor.<init>(ThreadPoolExecutor.java:1280) ~[tomcat-embed-core-10.1.5.jar:10.1.5]
?[0m?[0;34m	at org.apache.tomcat.util.net.AbstractEndpoint.createExecutor(AbstractEndpoint.java:948) ~[tomcat-embed-core-10.1.5.jar:10.1.5]
?[0m?[0;34m	at org.apache.tomcat.util.net.NioEndpoint.startInternal(NioEndpoint.java:279) ~[tomcat-embed-core-10.1.5.jar:10.1.5]
?[0m?[0;34m	at org.apache.tomcat.util.net.AbstractEndpoint.start(AbstractEndpoint.java:1261) ~[tomcat-embed-core-10.1.5.jar:10.1.5]
?[0m?[0;34m	at org.apache.coyote.AbstractProtocol.start(AbstractProtocol.java:586) ~[tomcat-embed-core-10.1.5.jar:10.1.5]
?[0m?[0;34m	at org.apache.catalina.connector.Connector.startInternal(Connector.java:1081) ~[tomcat-embed-core-10.1.5.jar:10.1.5]
?[0m?[0;34m	at org.apache.catalina.util.LifecycleBase.start(LifecycleBase.java:183) ~[tomcat-embed-core-10.1.5.jar:10.1.5]
?[0m?[0;34m	at org.apache.catalina.core.StandardService.addConnector(StandardService.java:234) ~[tomcat-embed-core-10.1.5.jar:10.1.5]
?[0m?[0;34m	at org.springframework.boot.web.embedded.tomcat.TomcatWebServer.addPreviouslyRemovedConnectors(TomcatWebServer.java:282) ~[spring-boot-3.0.2.jar:3.0.2]
?[0m?[0;34m	at org.springframework.boot.web.embedded.tomcat.TomcatWebServer.start(TomcatWebServer.java:213) ~[spring-boot-3.0.2.jar:3.0.2]
?[0m?[0;34m	at org.springframework.boot.web.servlet.context.WebServerStartStopLifecycle.start(WebServerStartStopLifecycle.java:44) ~[spring-boot-3.0.2.jar:3.0.2]
?[0m?[0;34m	at org.springframework.context.support.DefaultLifecycleProcessor.doStart(DefaultLifecycleProcessor.java:178) ~[spring-context-6.0.4.jar:6.0.4]
?[0m?[0;34m	at org.springframework.context.support.DefaultLifecycleProcessor$LifecycleGroup.start(DefaultLifecycleProcessor.java:356) ~[spring-context-6.0.4.jar:6.0.4]
?[0m?[0;34m	at java.base/java.lang.Iterable.forEach(Iterable.java:75) ~[na:na]
?[0m?[0;34m	at org.springframework.context.support.DefaultLifecycleProcessor.startBeans(DefaultLifecycleProcessor.java:155) ~[spring-context-6.0.4.jar:6.0.4]
?[0m?[0;34m	at org.springframework.context.support.DefaultLifecycleProcessor.onRefresh(DefaultLifecycleProcessor.java:123) ~[spring-context-6.0.4.jar:6.0.4]
?[0m?[0;34m	at org.springframework.context.support.AbstractApplicationContext.finishRefresh(AbstractApplicationContext.java:932) ~[spring-context-6.0.4.jar:6.0.4]
?[0m?[0;34m	at org.springframework.context.support.AbstractApplicationContext.refresh(AbstractApplicationContext.java:587) ~[spring-context-6.0.4.jar:6.0.4]
?[0m?[0;34m	at org.springframework.boot.web.servlet.context.ServletWebServerApplicationContext.refresh(ServletWebServerApplicationContext.java:146) ~[spring-boot-3.0.2.jar:3.0.2]
?[0m?[0;34m	at org.springframework.boot.SpringApplication.refresh(SpringApplication.java:730) ~[spring-boot-3.0.2.jar:3.0.2]
?[0m?[0;34m	at org.springframework.boot.SpringApplication.refreshContext(SpringApplication.java:432) ~[spring-boot-3.0.2.jar:3.0.2]
?[0m?[0;34m	at org.springframework.boot.SpringApplication.run(SpringApplication.java:308) ~[spring-boot-3.0.2.jar:3.0.2]
?[0m?[0;34m	at org.springframework.boot.SpringApplication.run(SpringApplication.java:1302) ~[spring-boot-3.0.2.jar:3.0.2]
?[0m?[0;34m	at org.springframework.boot.SpringApplication.run(SpringApplication.java:1291) ~[spring-boot-3.0.2.jar:3.0.2]
?[0m?[0;34m	at cinema.Main.main(Main.java:9) ~[main/:na]
?[0m?[0;34m	at java.base/jdk.internal.reflect.NativeMethodAccessorImpl.invoke0(Native Method) ~[na:na]
?[0m?[0;34m	at java.base/jdk.internal.reflect.NativeMethodAccessorImpl.invoke(NativeMethodAccessorImpl.java:77) ~[na:na]
?[0m?[0;34m	at java.base/jdk.internal.reflect.DelegatingMethodAccessorImpl.invoke(DelegatingMethodAccessorImpl.java:43) ~[na:na]
?[0m?[0;34m	at java.base/java.lang.reflect.Method.invoke(Method.java:568) ~[na:na]
?[0m?[0;34m	at org.hyperskill.hstest.stage.SpringTest.startSpring(SpringTest.java:187) ~[hs-test-release-SNAPSHOT.jar:na]
?[0m?[0;34m	at org.hyperskill.hstest.stage.SpringTest.launchSpring(SpringTest.java:49) ~[hs-test-release-SNAPSHOT.jar:na]
?[0m?[0;34m	at org.hyperskill.hstest.testing.runner.SpringApplicationRunner.launchSpringBootApplication(SpringApplicationRunner.java:20) ~[hs-test-release-SNAPSHOT.jar:na]
?[0m?[0;34m	at org.hyperskill.hstest.testing.runner.SpringApplicationRunner.setUp(SpringApplicationRunner.java:35) ~[hs-test-release-SNAPSHOT.jar:na]
?[0m?[0;34m	at org.hyperskill.hstest.testing.TestRun.setUp(TestRun.java:77) ~[hs-test-release-SNAPSHOT.jar:na]
?[0m?[0;34m	at org.hyperskill.hstest.stage.StageTest.start(StageTest.java:159) ~[hs-test-release-SNAPSHOT.jar:na]
?[0m?[0;34m	at java.base/jdk.internal.reflect.NativeMethodAccessorImpl.invoke0(Native Method) ~[na:na]
?[0m?[0;34m	at java.base/jdk.internal.reflect.NativeMethodAccessorImpl.invoke(NativeMethodAccessorImpl.java:77) ~[na:na]
?[0m?[0;34m	at java.base/jdk.internal.reflect.DelegatingMethodAccessorImpl.invoke(DelegatingMethodAccessorImpl.java:43) ~[na:na]
?[0m?[0;34m	at java.base/java.lang.reflect.Method.invoke(Method.java:568) ~[na:na]
?[0m?[0;34m	at org.junit.runners.model.FrameworkMethod$1.runReflectiveCall(FrameworkMethod.java:59) ~[junit-4.13.2.jar:4.13.2]
?[0m?[0;34m	at org.junit.internal.runners.model.ReflectiveCallable.run(ReflectiveCallable.java:12) ~[junit-4.13.2.jar:4.13.2]
?[0m?[0;34m	at org.junit.runners.model.FrameworkMethod.invokeExplosively(FrameworkMethod.java:56) ~[junit-4.13.2.jar:4.13.2]
?[0m?[0;34m	at org.junit.internal.runners.statements.InvokeMethod.evaluate(InvokeMethod.java:17) ~[junit-4.13.2.jar:4.13.2]
?[0m?[0;34m	at org.junit.internal.runners.statements.RunAfters.evaluate(RunAfters.java:27) ~[junit-4.13.2.jar:4.13.2]
?[0m?[0;34m	at org.junit.runners.ParentRunner$3.evaluate(ParentRunner.java:306) ~[junit-4.13.2.jar:4.13.2]
?[0m?[0;34m	at org.junit.runners.BlockJUnit4ClassRunner$1.evaluate(BlockJUnit4ClassRunner.java:100) ~[junit-4.13.2.jar:4.13.2]
?[0m?[0;34m	at org.junit.runners.ParentRunner.runLeaf(ParentRunner.java:366) ~[junit-4.13.2.jar:4.13.2]
?[0m?[0;34m	at org.junit.runners.BlockJUnit4ClassRunner.runChild(BlockJUnit4ClassRunner.java:103) ~[junit-4.13.2.jar:4.13.2]
?[0m?[0;34m	at org.junit.runners.BlockJUnit4ClassRunner.runChild(BlockJUnit4ClassRunner.java:63) ~[junit-4.13.2.jar:4.13.2]
?[0m?[0;34m	at org.junit.runners.ParentRunner$4.run(ParentRunner.java:331) ~[junit-4.13.2.jar:4.13.2]
?[0m?[0;34m	at org.junit.runners.ParentRunner$1.schedule(ParentRunner.java:79) ~[junit-4.13.2.jar:4.13.2]
?[0m?[0;34m	at org.junit.runners.ParentRunner.runChildren(ParentRunner.java:329) ~[junit-4.13.2.jar:4.13.2]
?[0m?[0;34m	at org.junit.runners.ParentRunner.access$100(ParentRunner.java:66) ~[junit-4.13.2.jar:4.13.2]
?[0m?[0;34m	at org.junit.runners.ParentRunner$2.evaluate(ParentRunner.java:293) ~[junit-4.13.2.jar:4.13.2]
?[0m?[0;34m	at org.junit.runners.ParentRunner$3.evaluate(ParentRunner.java:306) ~[junit-4.13.2.jar:4.13.2]
?[0m?[0;34m	at org.junit.runners.ParentRunner.run(ParentRunner.java:413) ~[junit-4.13.2.jar:4.13.2]
?[0m?[0;34m	at org.gradle.api.internal.tasks.testing.junit.JUnitTestClassExecutor.runTestClass(JUnitTestClassExecutor.java:108) ~[na:na]
?[0m?[0;34m	at org.gradle.api.internal.tasks.testing.junit.JUnitTestClassExecutor.execute(JUnitTestClassExecutor.java:57) ~[na:na]
?[0m?[0;34m	at org.gradle.api.internal.tasks.testing.junit.JUnitTestClassExecutor.execute(JUnitTestClassExecutor.java:39) ~[na:na]
?[0m?[0;34m	at org.gradle.api.internal.tasks.testing.junit.AbstractJUnitTestClassProcessor.processTestClass(AbstractJUnitTestClassProcessor.java:62) ~[na:na]
?[0m?[0;34m	at org.gradle.api.internal.tasks.testing.SuiteTestClassProcessor.processTestClass(SuiteTestClassProcessor.java:52) ~[na:na]
?[0m?[0;34m	at java.base/jdk.internal.reflect.NativeMethodAccessorImpl.invoke0(Native Method) ~[na:na]
?[0m?[0;34m	at java.base/jdk.internal.reflect.NativeMethodAccessorImpl.invoke(NativeMethodAccessorImpl.java:77) ~[na:na]
?[0m?[0;34m	at java.base/jdk.internal.reflect.DelegatingMethodAccessorImpl.invoke(DelegatingMethodAccessorImpl.java:43) ~[na:na]
?[0m?[0;34m	at java.base/java.lang.reflect.Method.invoke(Method.java:568) ~[na:na]
?[0m?[0;34m	at org.gradle.internal.dispatch.ReflectionDispatch.dispatch(ReflectionDispatch.java:36) ~[na:na]
?[0m?[0;34m	at org.gradle.internal.dispatch.ReflectionDispatch.dispatch(ReflectionDispatch.java:24) ~[na:na]
?[0m?[0;34m	at org.gradle.internal.dispatch.ContextClassLoaderDispatch.dispatch(ContextClassLoaderDispatch.java:33) ~[na:na]
?[0m?[0;34m	at org.gradle.internal.dispatch.ProxyDispatchAdapter$DispatchingInvocationHandler.invoke(ProxyDispatchAdapter.java:94) ~[na:na]
?[0m?[0;34m	at jdk.proxy1/jdk.proxy1.$Proxy2.processTestClass(Unknown Source) ~[na:na]
?[0m?[0;34m	at org.gradle.api.internal.tasks.testing.worker.TestWorker$2.run(TestWorker.java:176) ~[na:na]
?[0m?[0;34m	at org.gradle.api.internal.tasks.testing.worker.TestWorker.executeAndMaintainThreadName(TestWorker.java:129) ~[na:na]
[...]
?[0m?[0;34m	at org.springframework.boot.SpringApplication.refresh(SpringApplication.java:730) ~[spring-boot-3.0.2.jar:3.0.2]
?[0m?[0;34m	at org.springframework.boot.SpringApplication.refreshContext(SpringApplication.java:432) ~[spring-boot-3.0.2.jar:3.0.2]
?[0m?[0;34m	at org.springframework.boot.SpringApplication.run(SpringApplication.java:308) ~[spring-boot-3.0.2.jar:3.0.2]
?[0m?[0;34m	at org.springframework.boot.SpringApplication.run(SpringApplication.java:1302) ~[spring-boot-3.0.2.jar:3.0.2]
?[0m?[0;34m	at org.springframework.boot.SpringApplication.run(SpringApplication.java:1291) ~[spring-boot-3.0.2.jar:3.0.2]
?[0m?[0;34m	at cinema.Main.main(Main.java:9) ~[main/:na]
?[0m?[0;34m	at java.base/jdk.internal.reflect.NativeMethodAccessorImpl.invoke0(Native Method) ~[na:na]
?[0m?[0;34m	at java.base/jdk.internal.reflect.NativeMethodAccessorImpl.invoke(NativeMethodAccessorImpl.java:77) ~[na:na]
?[0m?[0;34m	at java.base/jdk.internal.reflect.DelegatingMethodAccessorImpl.invoke(DelegatingMethodAccessorImpl.java:43) ~[na:na]
?[0m?[0;34m	at java.base/java.lang.reflect.Method.invoke(Method.java:568) ~[na:na]
?[0m?[0;34m	at org.hyperskill.hstest.stage.SpringTest.startSpring(SpringTest.java:187) ~[hs-test-release-SNAPSHOT.jar:na]
?[0m?[0;34m	at org.hyperskill.hstest.stage.SpringTest.launchSpring(SpringTest.java:49) ~[hs-test-release-SNAPSHOT.jar:na]
?[0m?[0;34m	at org.hyperskill.hstest.testing.runner.SpringApplicationRunner.launchSpringBootApplication(SpringApplicationRunner.java:20) ~[hs-test-release-SNAPSHOT.jar:na]
?[0m?[0;34m	at org.hyperskill.hstest.testing.runner.SpringApplicationRunner.setUp(SpringApplicationRunner.java:35) ~[hs-test-release-SNAPSHOT.jar:na]
?[0m?[0;34m	at org.hyperskill.hstest.testing.TestRun.setUp(TestRun.java:77) ~[hs-test-release-SNAPSHOT.jar:na]
?[0m?[0;34m	at org.hyperskill.hstest.stage.StageTest.start(StageTest.java:159) ~[hs-test-release-SNAPSHOT.jar:na]
?[0m?[0;34m	at java.base/jdk.internal.reflect.NativeMethodAccessorImpl.invoke0(Native Method) ~[na:na]
?[0m?[0;34m	at java.base/jdk.internal.reflect.NativeMethodAccessorImpl.invoke(NativeMethodAccessorImpl.java:77) ~[na:na]
?[0m?[0;34m	at java.base/jdk.internal.reflect.DelegatingMethodAccessorImpl.invoke(DelegatingMethodAccessorImpl.java:43) ~[na:na]
?[0m?[0;34m	at java.base/java.lang.reflect.Method.invoke(Method.java:568) ~[na:na]
?[0m?[0;34m	at org.junit.runners.model.FrameworkMethod$1.runReflectiveCall(FrameworkMethod.java:59) ~[junit-4.13.2.jar:4.13.2]
?[0m?[0;34m	at org.junit.internal.runners.model.ReflectiveCallable.run(ReflectiveCallable.java:12) ~[junit-4.13.2.jar:4.13.2]
?[0m?[0;34m	at org.junit.runners.model.FrameworkMethod.invokeExplosively(FrameworkMethod.java:56) ~[junit-4.13.2.jar:4.13.2]
?[0m?[0;34m	at org.junit.internal.runners.statements.InvokeMethod.evaluate(InvokeMethod.java:17) ~[junit-4.13.2.jar:4.13.2]
?[0m?[0;34m	at org.junit.internal.runners.statements.RunAfters.evaluate(RunAfters.java:27) ~[junit-4.13.2.jar:4.13.2]
?[0m?[0;34m	at org.junit.runners.ParentRunner$3.evaluate(ParentRunner.java:306) ~[junit-4.13.2.jar:4.13.2]
?[0m?[0;34m	at org.junit.runners.BlockJUnit4ClassRunner$1.evaluate(BlockJUnit4ClassRunner.java:100) ~[junit-4.13.2.jar:4.13.2]
?[0m?[0;34m	at org.junit.runners.ParentRunner.runLeaf(ParentRunner.java:366) ~[junit-4.13.2.jar:4.13.2]
?[0m?[0;34m	at org.junit.runners.BlockJUnit4ClassRunner.runChild(BlockJUnit4ClassRunner.java:103) ~[junit-4.13.2.jar:4.13.2]
?[0m?[0;34m	at org.junit.runners.BlockJUnit4ClassRunner.runChild(BlockJUnit4ClassRunner.java:63) ~[junit-4.13.2.jar:4.13.2]
?[0m?[0;34m	at org.junit.runners.ParentRunner$4.run(ParentRunner.java:331) ~[junit-4.13.2.jar:4.13.2]
?[0m?[0;34m	at org.junit.runners.ParentRunner$1.schedule(ParentRunner.java:79) ~[junit-4.13.2.jar:4.13.2]
?[0m?[0;34m	at org.junit.runners.ParentRunner.runChildren(ParentRunner.java:329) ~[junit-4.13.2.jar:4.13.2]
?[0m?[0;34m	at org.junit.runners.ParentRunner.access$100(ParentRunner.java:66) ~[junit-4.13.2.jar:4.13.2]
?[0m?[0;34m	at org.junit.runners.ParentRunner$2.evaluate(ParentRunner.java:293) ~[junit-4.13.2.jar:4.13.2]
?[0m?[0;34m	at org.junit.runners.ParentRunner$3.evaluate(ParentRunner.java:306) ~[junit-4.13.2.jar:4.13.2]
?[0m?[0;34m	at org.junit.runners.ParentRunner.run(ParentRunner.java:413) ~[junit-4.13.2.jar:4.13.2]
?[0m?[0;34m	at org.gradle.api.internal.tasks.testing.junit.JUnitTestClassExecutor.runTestClass(JUnitTestClassExecutor.java:108) ~[na:na]
?[0m?[0;34m	at org.gradle.api.internal.tasks.testing.junit.JUnitTestClassExecutor.execute(JUnitTestClassExecutor.java:57) ~[na:na]
?[0m?[0;34m	at org.gradle.api.internal.tasks.testing.junit.JUnitTestClassExecutor.execute(JUnitTestClassExecutor.java:39) ~[na:na]
?[0m?[0;34m	at org.gradle.api.internal.tasks.testing.junit.AbstractJUnitTestClassProcessor.processTestClass(AbstractJUnitTestClassProcessor.java:62) ~[na:na]
?[0m?[0;34m	at org.gradle.api.internal.tasks.testing.SuiteTestClassProcessor.processTestClass(SuiteTestClassProcessor.java:52) ~[na:na]
?[0m?[0;34m	at java.base/jdk.internal.reflect.NativeMethodAccessorImpl.invoke0(Native Method) ~[na:na]
?[0m?[0;34m	at java.base/jdk.internal.reflect.NativeMethodAccessorImpl.invoke(NativeMethodAccessorImpl.java:77) ~[na:na]
?[0m?[0;34m	at java.base/jdk.internal.reflect.DelegatingMethodAccessorImpl.invoke(DelegatingMethodAccessorImpl.java:43) ~[na:na]
?[0m?[0;34m	at java.base/java.lang.reflect.Method.invoke(Method.java:568) ~[na:na]
?[0m?[0;34m	at org.gradle.internal.dispatch.ReflectionDispatch.dispatch(ReflectionDispatch.java:36) ~[na:na]
?[0m?[0;34m	at org.gradle.internal.dispatch.ReflectionDispatch.dispatch(ReflectionDispatch.java:24) ~[na:na]
?[0m?[0;34m	at org.gradle.internal.dispatch.ContextClassLoaderDispatch.dispatch(ContextClassLoaderDispatch.java:33) ~[na:na]
?[0m?[0;34m	at org.gradle.internal.dispatch.ProxyDispatchAdapter$DispatchingInvocationHandler.invoke(ProxyDispatchAdapter.java:94) ~[na:na]
?[0m?[0;34m	at jdk.proxy1/jdk.proxy1.$Proxy2.processTestClass(Unknown Source) ~[na:na]
?[0m?[0;34m	at org.gradle.api.internal.tasks.testing.worker.TestWorker$2.run(TestWorker.java:176) ~[na:na]
?[0m?[0;34m	at org.gradle.api.internal.tasks.testing.worker.TestWorker.executeAndMaintainThreadName(TestWorker.java:129) ~[na:na]
?[0m?[0;34m	at org.gradle.api.internal.tasks.testing.worker.TestWorker.execute(TestWorker.java:100) ~[na:na]
?[0m?[0;34m	at org.gradle.api.internal.tasks.testing.worker.TestWorker.execute(TestWorker.java:60) ~[na:na]
?[0m?[0;34m	at org.gradle.process.internal.worker.child.ActionExecutionWorker.execute(ActionExecutionWorker.java:56) ~[na:na]
?[0m?[0;34m	at org.gradle.process.internal.worker.child.SystemApplicationClassLoaderWorker.call(SystemApplicationClassLoaderWorker.java:113) ~[na:na]
?[0m?[0;34m	at org.gradle.process.internal.worker.child.SystemApplicationClassLoaderWorker.call(SystemApplicationClassLoaderWorker.java:65) ~[na:na]
?[0m?[0;34m	at worker.org.gradle.process.internal.worker.GradleWorkerMain.run(GradleWorkerMain.java:69) ~[gradle-worker.jar:na]
?[0m?[0;34m	at worker.org.gradle.process.internal.worker.GradleWorkerMain.main(GradleWorkerMain.java:74) ~[gradle-worker.jar:na]
?[0m?[0;34m
?[0m?[0;34m2023-05-04T16:26:42.548+02:00  WARN 14120 --- [    Test worker] .t.u.s.PrivilegedSetAccessControlContext : Unable to set field Thread.inheritedAccessControlContext
?[0m?[0;34m
?[0m?[0;34mjava.lang.IllegalAccessException: class org.apache.tomcat.util.security.PrivilegedSetAccessControlContext cannot access a member of class java.lang.Thread (in module java.base) with modifiers "private"
?[0m?[0;34m	at java.base/jdk.internal.reflect.Reflection.newIllegalAccessException(Reflection.java:392) ~[na:na]
?[0m?[0;34m	at java.base/java.lang.reflect.AccessibleObject.checkAccess(AccessibleObject.java:674) ~[na:na]
?[0m?[0;34m	at java.base/java.lang.reflect.Field.checkAccess(Field.java:1102) ~[na:na]
?[0m?[0;34m	at java.base/java.lang.reflect.Field.set(Field.java:797) ~[na:na]
?[0m?[0;34m	at org.apache.tomcat.util.security.PrivilegedSetAccessControlContext.run(PrivilegedSetAccessControlContext.java:60) ~[tomcat-embed-core-10.1.5.jar:10.1.5]
?[0m?[0;34m	at org.apache.tomcat.util.security.PrivilegedSetAccessControlContext.run(PrivilegedSetAccessControlContext.java:28) ~[tomcat-embed-core-10.1.5.jar:10.1.5]
?[0m?[0;34m	at java.base/java.security.AccessController.doPrivileged(AccessController.java:318) ~[na:na]
?[0m?[0;34m	at org.apache.tomcat.util.threads.TaskThreadFactory.newThread(TaskThreadFactory.java:64) ~[tomcat-embed-core-10.1.5.jar:10.1.5]
?[0m?[0;34m	at org.apache.tomcat.util.threads.ThreadPoolExecutor$Worker.<init>(ThreadPoolExecutor.java:653) ~[tomcat-embed-core-10.1.5.jar:10.1.5]
?[0m?[0;34m	at org.apache.tomcat.util.threads.ThreadPoolExecutor.addWorker(ThreadPoolExecutor.java:957) ~[tomcat-embed-core-10.1.5.jar:10.1.5]
?[0m?[0;34m	at org.apache.tomcat.util.threads.ThreadPoolExecutor.prestartAllCoreThreads(ThreadPoolExecutor.java:1694) ~[tomcat-embed-core-10.1.5.jar:10.1.5]
?[0m?[0;34m	at org.apache.tomcat.util.threads.ThreadPoolExecutor.<init>(ThreadPoolExecutor.java:1370) ~[tomcat-embed-core-10.1.5.jar:10.1.5]
?[0m?[0;34m	at org.apache.tomcat.util.threads.ThreadPoolExecutor.<init>(ThreadPoolExecutor.java:1280) ~[tomcat-embed-core-10.1.5.jar:10.1.5]
?[0m?[0;34m	at org.apache.tomcat.util.net.AbstractEndpoint.createExecutor(AbstractEndpoint.java:948) ~[tomcat-embed-core-10.1.5.jar:10.1.5]
?[0m?[0;34m	at org.apache.tomcat.util.net.NioEndpoint.startInternal(NioEndpoint.java:279) ~[tomcat-embed-core-10.1.5.jar:10.1.5]
?[0m?[0;34m	at org.apache.tomcat.util.net.AbstractEndpoint.start(AbstractEndpoint.java:1261) ~[tomcat-embed-core-10.1.5.jar:10.1.5]
?[0m?[0;34m	at org.apache.coyote.AbstractProtocol.start(AbstractProtocol.java:586) ~[tomcat-embed-core-10.1.5.jar:10.1.5]
?[0m?[0;34m	at org.apache.catalina.connector.Connector.startInternal(Connector.java:1081) ~[tomcat-embed-core-10.1.5.jar:10.1.5]
?[0m?[0;34m	at org.apache.catalina.util.LifecycleBase.start(LifecycleBase.java:183) ~[tomcat-embed-core-10.1.5.jar:10.1.5]
?[0m?[0;34m	at org.apache.catalina.core.StandardService.addConnector(StandardService.java:234) ~[tomcat-embed-core-10.1.5.jar:10.1.5]
?[0m?[0;34m	at org.springframework.boot.web.embedded.tomcat.TomcatWebServer.addPreviouslyRemovedConnectors(TomcatWebServer.java:282) ~[spring-boot-3.0.2.jar:3.0.2]
?[0m?[0;34m	at org.springframework.boot.web.embedded.tomcat.TomcatWebServer.start(TomcatWebServer.java:213) ~[spring-boot-3.0.2.jar:3.0.2]
?[0m?[0;34m	at org.springframework.boot.web.servlet.context.WebServerStartStopLifecycle.start(WebServerStartStopLifecycle.java:44) ~[spring-boot-3.0.2.jar:3.0.2]
?[0m?[0;34m	at org.springframework.context.support.DefaultLifecycleProcessor.doStart(DefaultLifecycleProcessor.java:178) ~[spring-context-6.0.4.jar:6.0.4]
?[0m?[0;34m	at org.springframework.context.support.DefaultLifecycleProcessor$LifecycleGroup.start(DefaultLifecycleProcessor.java:356) ~[spring-context-6.0.4.jar:6.0.4]
?[0m?[0;34m	at java.base/java.lang.Iterable.forEach(Iterable.java:75) ~[na:na]
?[0m?[0;34m	at org.springframework.context.support.DefaultLifecycleProcessor.startBeans(DefaultLifecycleProcessor.java:155) ~[spring-context-6.0.4.jar:6.0.4]
?[0m?[0;34m	at org.springframework.context.support.DefaultLifecycleProcessor.onRefresh(DefaultLifecycleProcessor.java:123) ~[spring-context-6.0.4.jar:6.0.4]
?[0m?[0;34m	at org.springframework.context.support.AbstractApplicationContext.finishRefresh(AbstractApplicationContext.java:932) ~[spring-context-6.0.4.jar:6.0.4]
?[0m?[0;34m	at org.springframework.context.support.AbstractApplicationContext.refresh(AbstractApplicationContext.java:587) ~[spring-context-6.0.4.jar:6.0.4]
?[0m?[0;34m	at org.springframework.boot.web.servlet.context.ServletWebServerApplicationContext.refresh(ServletWebServerApplicationContext.java:146) ~[spring-boot-3.0.2.jar:3.0.2]
?[0m?[0;34m	at org.springframework.boot.SpringApplication.refresh(SpringApplication.java:730) ~[spring-boot-3.0.2.jar:3.0.2]
?[0m?[0;34m	at org.springframework.boot.SpringApplication.refreshContext(SpringApplication.java:432) ~[spring-boot-3.0.2.jar:3.0.2]
?[0m?[0;34m	at org.springframework.boot.SpringApplication.run(SpringApplication.java:308) ~[spring-boot-3.0.2.jar:3.0.2]
?[0m?[0;34m	at org.springframework.boot.SpringApplication.run(SpringApplication.java:1302) ~[spring-boot-3.0.2.jar:3.0.2]
?[0m?[0;34m	at org.springframework.boot.SpringApplication.run(SpringApplication.java:1291) ~[spring-boot-3.0.2.jar:3.0.2]
?[0m?[0;34m	at cinema.Main.main(Main.java:9) ~[main/:na]
?[0m?[0;34m	at java.base/jdk.internal.reflect.NativeMethodAccessorImpl.invoke0(Native Method) ~[na:na]
?[0m?[0;34m	at java.base/jdk.internal.reflect.NativeMethodAccessorImpl.invoke(NativeMethodAccessorImpl.java:77) ~[na:na]
?[0m?[0;34m	at java.base/jdk.internal.reflect.DelegatingMethodAccessorImpl.invoke(DelegatingMethodAccessorImpl.java:43) ~[na:na]
?[0m?[0;34m	at java.base/java.lang.reflect.Method.invoke(Method.java:568) ~[na:na]
?[0m?[0;34m	at org.hyperskill.hstest.stage.SpringTest.startSpring(SpringTest.java:187) ~[hs-test-release-SNAPSHOT.jar:na]
?[0m?[0;34m	at org.hyperskill.hstest.stage.SpringTest.launchSpring(SpringTest.java:49) ~[hs-test-release-SNAPSHOT.jar:na]
?[0m?[0;34m	at org.hyperskill.hstest.testing.runner.SpringApplicationRunner.launchSpringBootApplication(SpringApplicationRunner.java:20) ~[hs-test-release-SNAPSHOT.jar:na]
?[0m?[0;34m	at org.hyperskill.hstest.testing.runner.SpringApplicationRunner.setUp(SpringApplicationRunner.java:35) ~[hs-test-release-SNAPSHOT.jar:na]
?[0m?[0;34m	at org.hyperskill.hstest.testing.TestRun.setUp(TestRun.java:77) ~[hs-test-release-SNAPSHOT.jar:na]
?[0m?[0;34m	at org.hyperskill.hstest.stage.StageTest.start(StageTest.java:159) ~[hs-test-release-SNAPSHOT.jar:na]
?[0m?[0;34m	at java.base/jdk.internal.reflect.NativeMethodAccessorImpl.invoke0(Native Method) ~[na:na]
?[0m?[0;34m	at java.base/jdk.internal.reflect.NativeMethodAccessorImpl.invoke(NativeMethodAccessorImpl.java:77) ~[na:na]
?[0m?[0;34m	at java.base/jdk.internal.reflect.DelegatingMethodAccessorImpl.invoke(DelegatingMethodAccessorImpl.java:43) ~[na:na]
?[0m?[0;34m	at java.base/java.lang.reflect.Method.invoke(Method.java:568) ~[na:na]
?[0m?[0;34m	at org.junit.runners.model.FrameworkMethod$1.runReflectiveCall(FrameworkMethod.java:59) ~[junit-4.13.2.jar:4.13.2]
?[0m?[0;34m	at org.junit.internal.runners.model.ReflectiveCallable.run(ReflectiveCallable.java:12) ~[junit-4.13.2.jar:4.13.2]
?[0m?[0;34m	at org.junit.runners.model.FrameworkMethod.invokeExplosively(FrameworkMethod.java:56) ~[junit-4.13.2.jar:4.13.2]
?[0m?[0;34m	at org.junit.internal.runners.statements.InvokeMethod.evaluate(InvokeMethod.java:17) ~[junit-4.13.2.jar:4.13.2]
?[0m?[0;34m	at org.junit.internal.runners.statements.RunAfters.evaluate(RunAfters.java:27) ~[junit-4.13.2.jar:4.13.2]
?[0m?[0;34m	at org.junit.runners.ParentRunner$3.evaluate(ParentRunner.java:306) ~[junit-4.13.2.jar:4.13.2]
?[0m?[0;34m	at org.junit.runners.BlockJUnit4ClassRunner$1.evaluate(BlockJUnit4ClassRunner.java:100) ~[junit-4.13.2.jar:4.13.2]
?[0m?[0;34m	at org.junit.runners.ParentRunner.runLeaf(ParentRunner.java:366) ~[junit-4.13.2.jar:4.13.2]
?[0m?[0;34m	at org.junit.runners.BlockJUnit4ClassRunner.runChild(BlockJUnit4ClassRunner.java:103) ~[junit-4.13.2.jar:4.13.2]
?[0m?[0;34m	at org.junit.runners.BlockJUnit4ClassRunner.runChild(BlockJUnit4ClassRunner.java:63) ~[junit-4.13.2.jar:4.13.2]
?[0m?[0;34m	at org.junit.runners.ParentRunner$4.run(ParentRunner.java:331) ~[junit-4.13.2.jar:4.13.2]
?[0m?[0;34m	at org.junit.runners.ParentRunner$1.schedule(ParentRunner.java:79) ~[junit-4.13.2.jar:4.13.2]
?[0m?[0;34m	at org.junit.runners.ParentRunner.runChildren(ParentRunner.java:329) ~[junit-4.13.2.jar:4.13.2]
?[0m?[0;34m	at org.junit.runners.ParentRunner.access$100(ParentRunner.java:66) ~[junit-4.13.2.jar:4.13.2]
?[0m?[0;34m	at org.junit.runners.ParentRunner$2.evaluate(ParentRunner.java:293) ~[junit-4.13.2.jar:4.13.2]
?[0m?[0;34m	at org.junit.runners.ParentRunner$3.evaluate(ParentRunner.java:306) ~[junit-4.13.2.jar:4.13.2]
?[0m?[0;34m	at org.junit.runners.ParentRunner.run(ParentRunner.java:413) ~[junit-4.13.2.jar:4.13.2]
?[0m?[0;34m	at org.gradle.api.internal.tasks.testing.junit.JUnitTestClassExecutor.runTestClass(JUnitTestClassExecutor.java:108) ~[na:na]
?[0m?[0;34m	at org.gradle.api.internal.tasks.testing.junit.JUnitTestClassExecutor.execute(JUnitTestClassExecutor.java:57) ~[na:na]
?[0m?[0;34m	at org.gradle.api.internal.tasks.testing.junit.JUnitTestClassExecutor.execute(JUnitTestClassExecutor.java:39) ~[na:na]
?[0m?[0;34m	at org.gradle.api.internal.tasks.testing.junit.AbstractJUnitTestClassProcessor.processTestClass(AbstractJUnitTestClassProcessor.java:62) ~[na:na]
?[0m?[0;34m	at org.gradle.api.internal.tasks.testing.SuiteTestClassProcessor.processTestClass(SuiteTestClassProcessor.java:52) ~[na:na]
?[0m?[0;34m	at java.base/jdk.internal.reflect.NativeMethodAccessorImpl.invoke0(Native Method) ~[na:na]
?[0m?[0;34m	at java.base/jdk.internal.reflect.NativeMethodAccessorImpl.invoke(NativeMethodAccessorImpl.java:77) ~[na:na]
?[0m?[0;34m	at java.base/jdk.internal.reflect.DelegatingMethodAccessorImpl.invoke(DelegatingMethodAccessorImpl.java:43) ~[na:na]
?[0m?[0;34m	at java.base/java.lang.reflect.Method.invoke(Method.java:568) ~[na:na]
?[0m?[0;34m	at org.gradle.internal.dispatch.ReflectionDispatch.dispatch(ReflectionDispatch.java:36) ~[na:na]
?[0m?[0;34m	at org.gradle.internal.dispatch.ReflectionDispatch.dispatch(ReflectionDispatch.java:24) ~[na:na]
?[0m?[0;34m	at org.gradle.internal.dispatch.ContextClassLoaderDispatch.dispatch(ContextClassLoaderDispatch.java:33) ~[na:na]
?[0m?[0;34m	at org.gradle.internal.dispatch.ProxyDispatchAdapter$DispatchingInvocationHandler.invoke(ProxyDispatchAdapter.java:94) ~[na:na]
?[0m?[0;34m	at jdk.proxy1/jdk.proxy1.$Proxy2.processTestClass(Unknown Source) ~[na:na]
?[0m?[0;34m	at org.gradle.api.internal.tasks.testing.worker.TestWorker$2.run(TestWorker.java:176) ~[na:na]
?[0m?[0;34m	at org.gradle.api.internal.tasks.testing.worker.TestWorker.executeAndMaintainThreadName(TestWorker.java:129) ~[na:na]
?[0m?[0;34m	at org.gradle.api.internal.tasks.testing.worker.TestWorker.execute(TestWorker.java:100) ~[na:na]
?[0m?[0;34m	at org.gradle.api.internal.tasks.testing.worker.TestWorker.execute(TestWorker.java:60) ~[na:na]
?[0m?[0;34m	at org.gradle.process.internal.worker.child.ActionExecutionWorker.execute(ActionExecutionWorker.java:56) ~[na:na]
?[0m?[0;34m	at org.gradle.process.internal.worker.child.SystemApplicationClassLoaderWorker.call(SystemApplicationClassLoaderWorker.java:113) ~[na:na]
?[0m?[0;34m	at org.gradle.process.internal.worker.child.SystemApplicationClassLoaderWorker.call(SystemApplicationClassLoaderWorker.java:65) ~[na:na]
?[0m?[0;34m	at worker.org.gradle.process.internal.worker.GradleWorkerMain.run(GradleWorkerMain.java:69) ~[gradle-worker.jar:na]
?[0m?[0;34m	at worker.org.gradle.process.internal.worker.GradleWorkerMain.main(GradleWorkerMain.java:74) ~[gradle-worker.jar:na]
?[0m?[0;34m
?[0m?[0;34m2023-05-04T16:26:42.565+02:00  INFO 14120 --- [    Test worker] o.s.b.w.embedded.tomcat.TomcatWebServer  : Tomcat started on port(s): 28852 (http) with context path ''
?[0m?[0;34m2023-05-04T16:26:42.583+02:00  INFO 14120 --- [    Test worker] cinema.Main                              : Started Main in 2.926 seconds (process running for 3.783)
?[0;34m2023-05-04T16:26:42.953+02:00  INFO 14120 --- [io-28852-exec-1] o.a.c.c.C.[Tomcat].[localhost].[/]       : Initializing Spring DispatcherServlet 'dispatcherServlet'
?[0m?[0;34m2023-05-04T16:26:42.954+02:00  INFO 14120 --- [io-28852-exec-1] o.s.web.servlet.DispatcherServlet        : Initializing Servlet 'dispatcherServlet'
?[0m?[0;34m2023-05-04T16:26:42.955+02:00  INFO 14120 --- [io-28852-exec-1] o.s.web.servlet.DispatcherServlet        : Completed initialization in 1 ms
?[0m?[1;31m
Start test 2?[0m
?[1;31m
Start test 3?[0m
?[1;31m
Start test 4?[0m
?[1;31m
Start test 5?[0m
?[1;31m
Start test 6?[0m
]]></system-out>
  <system-err><![CDATA[]]></system-err>
</testsuite>
